{"C:\\Users\\omarf\\OneDrive\\Desktop\\PackageNest\\Frontend\\src\\App.tsx": {"path":"C:\\Users\\omarf\\OneDrive\\Desktop\\PackageNest\\Frontend\\src\\App.tsx","all":true,"statementMap":{"0":{"start":{"line":1,"column":0},"end":{"line":1,"column":40}},"1":{"start":{"line":2,"column":0},"end":{"line":2,"column":19}},"2":{"start":{"line":3,"column":0},"end":{"line":3,"column":51}},"3":{"start":{"line":4,"column":0},"end":{"line":4,"column":57}},"4":{"start":{"line":5,"column":0},"end":{"line":5,"column":45}},"6":{"start":{"line":7,"column":0},"end":{"line":7,"column":29}},"7":{"start":{"line":8,"column":0},"end":{"line":8,"column":67}},"9":{"start":{"line":10,"column":0},"end":{"line":10,"column":10}},"10":{"start":{"line":11,"column":0},"end":{"line":11,"column":35}},"11":{"start":{"line":12,"column":0},"end":{"line":12,"column":35}},"12":{"start":{"line":13,"column":0},"end":{"line":13,"column":36}},"13":{"start":{"line":14,"column":0},"end":{"line":14,"column":12}},"14":{"start":{"line":15,"column":0},"end":{"line":15,"column":22}},"15":{"start":{"line":16,"column":0},"end":{"line":16,"column":34}},"16":{"start":{"line":17,"column":0},"end":{"line":17,"column":23}},"17":{"start":{"line":18,"column":0},"end":{"line":18,"column":10}},"18":{"start":{"line":19,"column":0},"end":{"line":19,"column":12}},"20":{"start":{"line":21,"column":0},"end":{"line":21,"column":36}},"21":{"start":{"line":22,"column":0},"end":{"line":22,"column":61}},"22":{"start":{"line":23,"column":0},"end":{"line":23,"column":58}},"23":{"start":{"line":24,"column":0},"end":{"line":24,"column":12}},"24":{"start":{"line":25,"column":0},"end":{"line":25,"column":10}},"26":{"start":{"line":27,"column":0},"end":{"line":27,"column":2}},"28":{"start":{"line":29,"column":0},"end":{"line":29,"column":19}}},"s":{"0":0,"1":0,"2":0,"3":0,"4":0,"6":0,"7":0,"9":0,"10":0,"11":0,"12":0,"13":0,"14":0,"15":0,"16":0,"17":0,"18":0,"20":0,"21":0,"22":0,"23":0,"24":0,"26":0,"28":0},"branchMap":{"0":{"type":"branch","line":1,"loc":{"start":{"line":1,"column":0},"end":{"line":29,"column":-433}},"locations":[{"start":{"line":1,"column":0},"end":{"line":29,"column":-433}}]}},"b":{"0":[0]},"fnMap":{"0":{"name":"(empty-report)","decl":{"start":{"line":1,"column":0},"end":{"line":29,"column":-433}},"loc":{"start":{"line":1,"column":0},"end":{"line":29,"column":-433}},"line":1}},"f":{"0":0}}
,"C:\\Users\\omarf\\OneDrive\\Desktop\\PackageNest\\Frontend\\src\\config.ts": {"path":"C:\\Users\\omarf\\OneDrive\\Desktop\\PackageNest\\Frontend\\src\\config.ts","all":false,"statementMap":{"0":{"start":{"line":1,"column":0},"end":{"line":1,"column":16}},"1":{"start":{"line":2,"column":0},"end":{"line":2,"column":76}},"2":{"start":{"line":3,"column":0},"end":{"line":3,"column":2}},"4":{"start":{"line":5,"column":0},"end":{"line":5,"column":22}}},"s":{"0":1,"1":1,"2":1,"4":1},"branchMap":{"0":{"type":"branch","line":2,"loc":{"start":{"line":2,"column":30},"end":{"line":2,"column":76}},"locations":[{"start":{"line":2,"column":30},"end":{"line":2,"column":76}}]}},"b":{"0":[0]},"fnMap":{},"f":{}}
,"C:\\Users\\omarf\\OneDrive\\Desktop\\PackageNest\\Frontend\\src\\utils.ts": {"path":"C:\\Users\\omarf\\OneDrive\\Desktop\\PackageNest\\Frontend\\src\\utils.ts","all":true,"statementMap":{"0":{"start":{"line":1,"column":0},"end":{"line":1,"column":26}},"11":{"start":{"line":12,"column":0},"end":{"line":12,"column":43}},"12":{"start":{"line":13,"column":0},"end":{"line":13,"column":39}},"13":{"start":{"line":14,"column":0},"end":{"line":14,"column":1}},"15":{"start":{"line":16,"column":0},"end":{"line":16,"column":30}},"16":{"start":{"line":17,"column":0},"end":{"line":17,"column":35}},"17":{"start":{"line":18,"column":0},"end":{"line":18,"column":1}},"19":{"start":{"line":20,"column":0},"end":{"line":20,"column":61}},"20":{"start":{"line":21,"column":0},"end":{"line":21,"column":46}},"21":{"start":{"line":22,"column":0},"end":{"line":22,"column":15}},"22":{"start":{"line":23,"column":0},"end":{"line":23,"column":33}},"23":{"start":{"line":24,"column":0},"end":{"line":24,"column":3}},"24":{"start":{"line":25,"column":0},"end":{"line":25,"column":14}},"25":{"start":{"line":26,"column":0},"end":{"line":26,"column":10}},"26":{"start":{"line":27,"column":0},"end":{"line":27,"column":36}},"27":{"start":{"line":28,"column":0},"end":{"line":28,"column":9}},"28":{"start":{"line":29,"column":0},"end":{"line":29,"column":7}},"29":{"start":{"line":30,"column":0},"end":{"line":30,"column":18}},"30":{"start":{"line":31,"column":0},"end":{"line":31,"column":35}},"31":{"start":{"line":32,"column":0},"end":{"line":32,"column":10}},"32":{"start":{"line":33,"column":0},"end":{"line":33,"column":8}},"33":{"start":{"line":34,"column":0},"end":{"line":34,"column":5}},"34":{"start":{"line":35,"column":0},"end":{"line":35,"column":25}},"35":{"start":{"line":36,"column":0},"end":{"line":36,"column":49}},"36":{"start":{"line":37,"column":0},"end":{"line":37,"column":6}},"37":{"start":{"line":38,"column":0},"end":{"line":38,"column":23}},"38":{"start":{"line":39,"column":0},"end":{"line":39,"column":54}},"39":{"start":{"line":40,"column":0},"end":{"line":40,"column":35}},"40":{"start":{"line":41,"column":0},"end":{"line":41,"column":7}},"41":{"start":{"line":42,"column":0},"end":{"line":42,"column":1}}},"s":{"0":0,"11":0,"12":0,"13":0,"15":0,"16":0,"17":0,"19":0,"20":0,"21":0,"22":0,"23":0,"24":0,"25":0,"26":0,"27":0,"28":0,"29":0,"30":0,"31":0,"32":0,"33":0,"34":0,"35":0,"36":0,"37":0,"38":0,"39":0,"40":0,"41":0},"branchMap":{"0":{"type":"branch","line":1,"loc":{"start":{"line":1,"column":0},"end":{"line":42,"column":-244}},"locations":[{"start":{"line":1,"column":0},"end":{"line":42,"column":-244}}]}},"b":{"0":[0]},"fnMap":{"0":{"name":"(empty-report)","decl":{"start":{"line":1,"column":0},"end":{"line":42,"column":-244}},"loc":{"start":{"line":1,"column":0},"end":{"line":42,"column":-244}},"line":1}},"f":{"0":0}}
,"C:\\Users\\omarf\\OneDrive\\Desktop\\PackageNest\\Frontend\\src\\components\\ButtonPanel.tsx": {"path":"C:\\Users\\omarf\\OneDrive\\Desktop\\PackageNest\\Frontend\\src\\components\\ButtonPanel.tsx","all":false,"statementMap":{"0":{"start":{"line":1,"column":0},"end":{"line":1,"column":51}},"1":{"start":{"line":2,"column":0},"end":{"line":2,"column":47}},"7":{"start":{"line":8,"column":0},"end":{"line":8,"column":76}},"8":{"start":{"line":9,"column":0},"end":{"line":9,"column":50}},"10":{"start":{"line":11,"column":0},"end":{"line":11,"column":19}},"11":{"start":{"line":12,"column":0},"end":{"line":12,"column":18}},"12":{"start":{"line":13,"column":0},"end":{"line":13,"column":47}},"13":{"start":{"line":14,"column":0},"end":{"line":14,"column":17}},"14":{"start":{"line":15,"column":0},"end":{"line":15,"column":41}},"15":{"start":{"line":16,"column":0},"end":{"line":16,"column":26}},"16":{"start":{"line":17,"column":0},"end":{"line":17,"column":25}},"17":{"start":{"line":18,"column":0},"end":{"line":18,"column":14}},"18":{"start":{"line":19,"column":0},"end":{"line":19,"column":45}},"19":{"start":{"line":20,"column":0},"end":{"line":20,"column":25}},"20":{"start":{"line":21,"column":0},"end":{"line":21,"column":7}},"21":{"start":{"line":22,"column":0},"end":{"line":22,"column":9}},"22":{"start":{"line":23,"column":0},"end":{"line":23,"column":9}},"24":{"start":{"line":25,"column":0},"end":{"line":25,"column":10}},"25":{"start":{"line":26,"column":0},"end":{"line":26,"column":8}},"26":{"start":{"line":27,"column":0},"end":{"line":27,"column":30}},"27":{"start":{"line":28,"column":0},"end":{"line":28,"column":14}},"28":{"start":{"line":29,"column":0},"end":{"line":29,"column":24}},"29":{"start":{"line":30,"column":0},"end":{"line":30,"column":25}},"30":{"start":{"line":31,"column":0},"end":{"line":31,"column":20}},"31":{"start":{"line":32,"column":0},"end":{"line":32,"column":37}},"32":{"start":{"line":33,"column":0},"end":{"line":33,"column":24}},"33":{"start":{"line":34,"column":0},"end":{"line":34,"column":8}},"35":{"start":{"line":36,"column":0},"end":{"line":36,"column":28}},"36":{"start":{"line":37,"column":0},"end":{"line":37,"column":62}},"38":{"start":{"line":39,"column":0},"end":{"line":39,"column":17}},"40":{"start":{"line":41,"column":0},"end":{"line":41,"column":62}},"42":{"start":{"line":43,"column":0},"end":{"line":43,"column":15}},"43":{"start":{"line":44,"column":0},"end":{"line":44,"column":65}},"45":{"start":{"line":46,"column":0},"end":{"line":46,"column":15}},"46":{"start":{"line":47,"column":0},"end":{"line":47,"column":65}},"48":{"start":{"line":49,"column":0},"end":{"line":49,"column":15}},"49":{"start":{"line":50,"column":0},"end":{"line":50,"column":65}},"51":{"start":{"line":52,"column":0},"end":{"line":52,"column":15}},"52":{"start":{"line":53,"column":0},"end":{"line":53,"column":63}},"54":{"start":{"line":55,"column":0},"end":{"line":55,"column":15}},"55":{"start":{"line":56,"column":0},"end":{"line":56,"column":63}},"57":{"start":{"line":58,"column":0},"end":{"line":58,"column":15}},"58":{"start":{"line":59,"column":0},"end":{"line":59,"column":73}},"59":{"start":{"line":60,"column":0},"end":{"line":60,"column":28}},"60":{"start":{"line":61,"column":0},"end":{"line":61,"column":73}},"62":{"start":{"line":63,"column":0},"end":{"line":63,"column":28}},"63":{"start":{"line":64,"column":0},"end":{"line":64,"column":75}},"65":{"start":{"line":66,"column":0},"end":{"line":66,"column":28}},"66":{"start":{"line":67,"column":0},"end":{"line":67,"column":64}},"68":{"start":{"line":69,"column":0},"end":{"line":69,"column":17}},"70":{"start":{"line":71,"column":0},"end":{"line":71,"column":10}},"72":{"start":{"line":73,"column":0},"end":{"line":73,"column":2}},"74":{"start":{"line":75,"column":0},"end":{"line":75,"column":27}}},"s":{"0":1,"1":1,"7":1,"8":12,"10":12,"11":6,"12":6,"13":6,"14":2,"15":2,"16":2,"17":6,"18":4,"19":4,"20":4,"21":6,"22":12,"24":12,"25":12,"26":12,"27":12,"28":12,"29":12,"30":12,"31":12,"32":12,"33":12,"35":12,"36":2,"38":2,"40":12,"42":12,"43":12,"45":12,"46":12,"48":12,"49":12,"51":12,"52":12,"54":12,"55":12,"57":12,"58":12,"59":12,"60":3,"62":12,"63":2,"65":12,"66":2,"68":2,"70":12,"72":12,"74":1},"branchMap":{"0":{"type":"branch","line":8,"loc":{"start":{"line":8,"column":48},"end":{"line":73,"column":2}},"locations":[{"start":{"line":8,"column":48},"end":{"line":73,"column":2}}]},"1":{"type":"branch","line":36,"loc":{"start":{"line":36,"column":22},"end":{"line":39,"column":17}},"locations":[{"start":{"line":36,"column":22},"end":{"line":39,"column":17}}]},"2":{"type":"branch","line":60,"loc":{"start":{"line":60,"column":22},"end":{"line":61,"column":73}},"locations":[{"start":{"line":60,"column":22},"end":{"line":61,"column":73}}]},"3":{"type":"branch","line":63,"loc":{"start":{"line":63,"column":22},"end":{"line":64,"column":75}},"locations":[{"start":{"line":63,"column":22},"end":{"line":64,"column":75}}]},"4":{"type":"branch","line":66,"loc":{"start":{"line":66,"column":22},"end":{"line":69,"column":17}},"locations":[{"start":{"line":66,"column":22},"end":{"line":69,"column":17}}]},"5":{"type":"branch","line":11,"loc":{"start":{"line":11,"column":12},"end":{"line":23,"column":5}},"locations":[{"start":{"line":11,"column":12},"end":{"line":23,"column":5}}]},"6":{"type":"branch","line":12,"loc":{"start":{"line":12,"column":5},"end":{"line":22,"column":7}},"locations":[{"start":{"line":12,"column":5},"end":{"line":22,"column":7}}]},"7":{"type":"branch","line":14,"loc":{"start":{"line":14,"column":16},"end":{"line":18,"column":13}},"locations":[{"start":{"line":14,"column":16},"end":{"line":18,"column":13}}]},"8":{"type":"branch","line":18,"loc":{"start":{"line":18,"column":6},"end":{"line":21,"column":7}},"locations":[{"start":{"line":18,"column":6},"end":{"line":21,"column":7}}]},"9":{"type":"branch","line":41,"loc":{"start":{"line":41,"column":23},"end":{"line":41,"column":62}},"locations":[{"start":{"line":41,"column":23},"end":{"line":41,"column":62}}]},"10":{"type":"branch","line":44,"loc":{"start":{"line":44,"column":23},"end":{"line":44,"column":65}},"locations":[{"start":{"line":44,"column":23},"end":{"line":44,"column":65}}]},"11":{"type":"branch","line":61,"loc":{"start":{"line":61,"column":25},"end":{"line":61,"column":59}},"locations":[{"start":{"line":61,"column":25},"end":{"line":61,"column":59}}]},"12":{"type":"branch","line":64,"loc":{"start":{"line":64,"column":25},"end":{"line":64,"column":60}},"locations":[{"start":{"line":64,"column":25},"end":{"line":64,"column":60}}]}},"b":{"0":[12],"1":[2],"2":[3],"3":[2],"4":[2],"5":[6],"6":[6],"7":[2],"8":[4],"9":[1],"10":[1],"11":[1],"12":[1]},"fnMap":{"0":{"name":"ButtonPanel","decl":{"start":{"line":8,"column":48},"end":{"line":73,"column":2}},"loc":{"start":{"line":8,"column":48},"end":{"line":73,"column":2}},"line":8},"1":{"name":"onClick","decl":{"start":{"line":37,"column":25},"end":{"line":37,"column":62}},"loc":{"start":{"line":37,"column":25},"end":{"line":37,"column":62}},"line":37},"2":{"name":"onClick","decl":{"start":{"line":41,"column":23},"end":{"line":41,"column":62}},"loc":{"start":{"line":41,"column":23},"end":{"line":41,"column":62}},"line":41},"3":{"name":"onClick","decl":{"start":{"line":44,"column":23},"end":{"line":44,"column":65}},"loc":{"start":{"line":44,"column":23},"end":{"line":44,"column":65}},"line":44},"4":{"name":"onClick","decl":{"start":{"line":47,"column":23},"end":{"line":47,"column":65}},"loc":{"start":{"line":47,"column":23},"end":{"line":47,"column":65}},"line":47},"5":{"name":"onClick","decl":{"start":{"line":50,"column":23},"end":{"line":50,"column":65}},"loc":{"start":{"line":50,"column":23},"end":{"line":50,"column":65}},"line":50},"6":{"name":"onClick","decl":{"start":{"line":53,"column":23},"end":{"line":53,"column":63}},"loc":{"start":{"line":53,"column":23},"end":{"line":53,"column":63}},"line":53},"7":{"name":"onClick","decl":{"start":{"line":56,"column":23},"end":{"line":56,"column":63}},"loc":{"start":{"line":56,"column":23},"end":{"line":56,"column":63}},"line":56},"8":{"name":"onClick","decl":{"start":{"line":59,"column":23},"end":{"line":59,"column":58}},"loc":{"start":{"line":59,"column":23},"end":{"line":59,"column":58}},"line":59},"9":{"name":"onClick","decl":{"start":{"line":61,"column":25},"end":{"line":61,"column":59}},"loc":{"start":{"line":61,"column":25},"end":{"line":61,"column":59}},"line":61},"10":{"name":"onClick","decl":{"start":{"line":64,"column":25},"end":{"line":64,"column":60}},"loc":{"start":{"line":64,"column":25},"end":{"line":64,"column":60}},"line":64},"11":{"name":"onClick","decl":{"start":{"line":67,"column":25},"end":{"line":67,"column":64}},"loc":{"start":{"line":67,"column":25},"end":{"line":67,"column":64}},"line":67}},"f":{"0":12,"1":0,"2":1,"3":1,"4":0,"5":0,"6":0,"7":0,"8":0,"9":1,"10":1,"11":0}}
,"C:\\Users\\omarf\\OneDrive\\Desktop\\PackageNest\\Frontend\\src\\components\\CostPackage.tsx": {"path":"C:\\Users\\omarf\\OneDrive\\Desktop\\PackageNest\\Frontend\\src\\components\\CostPackage.tsx","all":false,"statementMap":{"0":{"start":{"line":1,"column":0},"end":{"line":1,"column":44}},"5":{"start":{"line":6,"column":0},"end":{"line":6,"column":39}},"6":{"start":{"line":7,"column":0},"end":{"line":7,"column":35}},"7":{"start":{"line":8,"column":0},"end":{"line":8,"column":40}},"8":{"start":{"line":9,"column":0},"end":{"line":9,"column":40}},"9":{"start":{"line":10,"column":0},"end":{"line":10,"column":50}},"10":{"start":{"line":11,"column":0},"end":{"line":11,"column":46}},"12":{"start":{"line":13,"column":0},"end":{"line":13,"column":19}},"13":{"start":{"line":14,"column":0},"end":{"line":14,"column":18}},"14":{"start":{"line":15,"column":0},"end":{"line":15,"column":47}},"15":{"start":{"line":16,"column":0},"end":{"line":16,"column":17}},"16":{"start":{"line":17,"column":0},"end":{"line":17,"column":41}},"17":{"start":{"line":18,"column":0},"end":{"line":18,"column":26}},"18":{"start":{"line":19,"column":0},"end":{"line":19,"column":25}},"19":{"start":{"line":20,"column":0},"end":{"line":20,"column":14}},"20":{"start":{"line":21,"column":0},"end":{"line":21,"column":45}},"21":{"start":{"line":22,"column":0},"end":{"line":22,"column":25}},"22":{"start":{"line":23,"column":0},"end":{"line":23,"column":7}},"23":{"start":{"line":24,"column":0},"end":{"line":24,"column":9}},"24":{"start":{"line":25,"column":0},"end":{"line":25,"column":9}},"26":{"start":{"line":27,"column":0},"end":{"line":27,"column":30}},"27":{"start":{"line":28,"column":0},"end":{"line":28,"column":20}},"28":{"start":{"line":29,"column":0},"end":{"line":29,"column":49}},"29":{"start":{"line":30,"column":0},"end":{"line":30,"column":13}},"30":{"start":{"line":31,"column":0},"end":{"line":31,"column":5}},"31":{"start":{"line":32,"column":0},"end":{"line":32,"column":43}},"32":{"start":{"line":33,"column":0},"end":{"line":33,"column":9}},"33":{"start":{"line":34,"column":0},"end":{"line":34,"column":55}},"34":{"start":{"line":35,"column":0},"end":{"line":35,"column":18}},"35":{"start":{"line":36,"column":0},"end":{"line":36,"column":59}},"36":{"start":{"line":37,"column":0},"end":{"line":37,"column":10}},"37":{"start":{"line":38,"column":0},"end":{"line":38,"column":8}},"38":{"start":{"line":39,"column":0},"end":{"line":39,"column":22}},"40":{"start":{"line":41,"column":0},"end":{"line":41,"column":38}},"41":{"start":{"line":42,"column":0},"end":{"line":42,"column":23}},"42":{"start":{"line":43,"column":0},"end":{"line":43,"column":44}},"43":{"start":{"line":44,"column":0},"end":{"line":44,"column":39}},"44":{"start":{"line":45,"column":0},"end":{"line":45,"column":28}},"45":{"start":{"line":46,"column":0},"end":{"line":46,"column":16}},"46":{"start":{"line":47,"column":0},"end":{"line":47,"column":54}},"47":{"start":{"line":48,"column":0},"end":{"line":48,"column":9}},"48":{"start":{"line":49,"column":0},"end":{"line":49,"column":8}},"49":{"start":{"line":50,"column":0},"end":{"line":50,"column":23}},"50":{"start":{"line":51,"column":0},"end":{"line":51,"column":27}},"51":{"start":{"line":52,"column":0},"end":{"line":52,"column":51}},"52":{"start":{"line":53,"column":0},"end":{"line":53,"column":9}},"53":{"start":{"line":54,"column":0},"end":{"line":54,"column":4}},"55":{"start":{"line":56,"column":0},"end":{"line":56,"column":10}},"56":{"start":{"line":57,"column":0},"end":{"line":57,"column":6}},"57":{"start":{"line":58,"column":0},"end":{"line":58,"column":44}},"58":{"start":{"line":59,"column":0},"end":{"line":59,"column":28}},"59":{"start":{"line":60,"column":0},"end":{"line":60,"column":12}},"60":{"start":{"line":61,"column":0},"end":{"line":61,"column":18}},"61":{"start":{"line":62,"column":0},"end":{"line":62,"column":28}},"62":{"start":{"line":63,"column":0},"end":{"line":63,"column":24}},"63":{"start":{"line":64,"column":0},"end":{"line":64,"column":36}},"64":{"start":{"line":65,"column":0},"end":{"line":65,"column":27}},"65":{"start":{"line":66,"column":0},"end":{"line":66,"column":12}},"67":{"start":{"line":68,"column":0},"end":{"line":68,"column":70}},"68":{"start":{"line":69,"column":0},"end":{"line":69,"column":15}},"69":{"start":{"line":70,"column":0},"end":{"line":70,"column":18}},"70":{"start":{"line":71,"column":0},"end":{"line":71,"column":35}},"71":{"start":{"line":72,"column":0},"end":{"line":72,"column":25}},"72":{"start":{"line":73,"column":0},"end":{"line":73,"column":24}},"73":{"start":{"line":74,"column":0},"end":{"line":74,"column":53}},"74":{"start":{"line":75,"column":0},"end":{"line":75,"column":39}},"75":{"start":{"line":76,"column":0},"end":{"line":76,"column":32}},"76":{"start":{"line":77,"column":0},"end":{"line":77,"column":14}},"77":{"start":{"line":78,"column":0},"end":{"line":78,"column":16}},"78":{"start":{"line":79,"column":0},"end":{"line":79,"column":15}},"79":{"start":{"line":80,"column":0},"end":{"line":80,"column":58}},"80":{"start":{"line":81,"column":0},"end":{"line":81,"column":16}},"81":{"start":{"line":82,"column":0},"end":{"line":82,"column":52}},"82":{"start":{"line":83,"column":0},"end":{"line":83,"column":77}},"83":{"start":{"line":84,"column":0},"end":{"line":84,"column":73}},"84":{"start":{"line":85,"column":0},"end":{"line":85,"column":57}},"85":{"start":{"line":86,"column":0},"end":{"line":86,"column":14}},"87":{"start":{"line":88,"column":0},"end":{"line":88,"column":55}},"88":{"start":{"line":89,"column":0},"end":{"line":89,"column":7}},"90":{"start":{"line":91,"column":0},"end":{"line":91,"column":1}}},"s":{"0":1,"5":24,"6":24,"7":24,"8":24,"9":24,"10":24,"12":24,"13":7,"14":7,"15":7,"16":5,"17":5,"18":5,"19":7,"20":2,"21":2,"22":2,"23":7,"24":24,"26":24,"27":4,"28":1,"29":1,"30":1,"31":3,"32":3,"33":3,"34":3,"35":3,"36":3,"37":3,"38":3,"40":2,"41":2,"42":1,"43":1,"44":1,"45":1,"46":1,"47":1,"48":3,"49":3,"50":1,"51":1,"52":3,"53":4,"55":24,"56":24,"57":24,"58":24,"59":15,"60":15,"61":15,"62":15,"63":15,"64":15,"65":15,"67":15,"68":15,"69":15,"70":15,"71":15,"72":15,"73":15,"74":15,"75":15,"76":15,"77":15,"78":15,"79":15,"80":15,"81":15,"82":15,"83":15,"84":15,"85":15,"87":24,"88":24,"90":24},"branchMap":{"0":{"type":"branch","line":6,"loc":{"start":{"line":6,"column":0},"end":{"line":91,"column":1}},"locations":[{"start":{"line":6,"column":0},"end":{"line":91,"column":1}}]},"1":{"type":"branch","line":58,"loc":{"start":{"line":58,"column":22},"end":{"line":58,"column":44}},"locations":[{"start":{"line":58,"column":22},"end":{"line":58,"column":44}}]},"2":{"type":"branch","line":59,"loc":{"start":{"line":59,"column":22},"end":{"line":86,"column":14}},"locations":[{"start":{"line":59,"column":22},"end":{"line":86,"column":14}}]},"3":{"type":"branch","line":82,"loc":{"start":{"line":82,"column":23},"end":{"line":82,"column":52}},"locations":[{"start":{"line":82,"column":23},"end":{"line":82,"column":52}}]},"4":{"type":"branch","line":83,"loc":{"start":{"line":83,"column":23},"end":{"line":83,"column":77}},"locations":[{"start":{"line":83,"column":23},"end":{"line":83,"column":77}}]},"5":{"type":"branch","line":84,"loc":{"start":{"line":84,"column":23},"end":{"line":84,"column":39}},"locations":[{"start":{"line":84,"column":23},"end":{"line":84,"column":39}}]},"6":{"type":"branch","line":84,"loc":{"start":{"line":84,"column":30},"end":{"line":84,"column":73}},"locations":[{"start":{"line":84,"column":30},"end":{"line":84,"column":73}}]},"7":{"type":"branch","line":85,"loc":{"start":{"line":85,"column":23},"end":{"line":85,"column":57}},"locations":[{"start":{"line":85,"column":23},"end":{"line":85,"column":57}}]},"8":{"type":"branch","line":88,"loc":{"start":{"line":88,"column":22},"end":{"line":88,"column":55}},"locations":[{"start":{"line":88,"column":22},"end":{"line":88,"column":55}}]},"9":{"type":"branch","line":13,"loc":{"start":{"line":13,"column":12},"end":{"line":25,"column":5}},"locations":[{"start":{"line":13,"column":12},"end":{"line":25,"column":5}}]},"10":{"type":"branch","line":14,"loc":{"start":{"line":14,"column":5},"end":{"line":24,"column":7}},"locations":[{"start":{"line":14,"column":5},"end":{"line":24,"column":7}}]},"11":{"type":"branch","line":16,"loc":{"start":{"line":16,"column":16},"end":{"line":20,"column":13}},"locations":[{"start":{"line":16,"column":16},"end":{"line":20,"column":13}}]},"12":{"type":"branch","line":20,"loc":{"start":{"line":20,"column":6},"end":{"line":23,"column":7}},"locations":[{"start":{"line":20,"column":6},"end":{"line":23,"column":7}}]},"13":{"type":"branch","line":27,"loc":{"start":{"line":27,"column":23},"end":{"line":54,"column":4}},"locations":[{"start":{"line":27,"column":23},"end":{"line":54,"column":4}}]},"14":{"type":"branch","line":28,"loc":{"start":{"line":28,"column":19},"end":{"line":31,"column":5}},"locations":[{"start":{"line":28,"column":19},"end":{"line":31,"column":5}}]},"15":{"type":"branch","line":31,"loc":{"start":{"line":31,"column":4},"end":{"line":53,"column":9}},"locations":[{"start":{"line":31,"column":4},"end":{"line":53,"column":9}}]},"16":{"type":"branch","line":39,"loc":{"start":{"line":39,"column":12},"end":{"line":49,"column":7}},"locations":[{"start":{"line":39,"column":12},"end":{"line":49,"column":7}}]},"17":{"type":"branch","line":42,"loc":{"start":{"line":42,"column":22},"end":{"line":48,"column":9}},"locations":[{"start":{"line":42,"column":22},"end":{"line":48,"column":9}}]},"18":{"type":"branch","line":50,"loc":{"start":{"line":50,"column":13},"end":{"line":53,"column":7}},"locations":[{"start":{"line":50,"column":13},"end":{"line":53,"column":7}}]},"19":{"type":"branch","line":74,"loc":{"start":{"line":74,"column":24},"end":{"line":74,"column":53}},"locations":[{"start":{"line":74,"column":24},"end":{"line":74,"column":53}}]}},"b":{"0":[24],"1":[7],"2":[15],"3":[11],"4":[3],"5":[1],"6":[1],"7":[1],"8":[1],"9":[7],"10":[7],"11":[5],"12":[2],"13":[4],"14":[1],"15":[3],"16":[2],"17":[1],"18":[1],"19":[3]},"fnMap":{"0":{"name":"CostPackage","decl":{"start":{"line":6,"column":0},"end":{"line":91,"column":1}},"loc":{"start":{"line":6,"column":0},"end":{"line":91,"column":1}},"line":6},"1":{"name":"handleSubmit","decl":{"start":{"line":27,"column":23},"end":{"line":54,"column":4}},"loc":{"start":{"line":27,"column":23},"end":{"line":54,"column":4}},"line":27},"2":{"name":"onChange","decl":{"start":{"line":74,"column":24},"end":{"line":74,"column":53}},"loc":{"start":{"line":74,"column":24},"end":{"line":74,"column":53}},"line":74}},"f":{"0":24,"1":4,"2":3}}
,"C:\\Users\\omarf\\OneDrive\\Desktop\\PackageNest\\Frontend\\src\\components\\DeleteUser.tsx": {"path":"C:\\Users\\omarf\\OneDrive\\Desktop\\PackageNest\\Frontend\\src\\components\\DeleteUser.tsx","all":true,"statementMap":{"0":{"start":{"line":1,"column":0},"end":{"line":1,"column":56}},"13":{"start":{"line":14,"column":0},"end":{"line":14,"column":38}},"14":{"start":{"line":15,"column":0},"end":{"line":15,"column":50}},"15":{"start":{"line":16,"column":0},"end":{"line":16,"column":46}},"16":{"start":{"line":17,"column":0},"end":{"line":17,"column":49}},"17":{"start":{"line":18,"column":0},"end":{"line":18,"column":56}},"19":{"start":{"line":20,"column":0},"end":{"line":20,"column":19}},"20":{"start":{"line":21,"column":0},"end":{"line":21,"column":18}},"21":{"start":{"line":22,"column":0},"end":{"line":22,"column":47}},"22":{"start":{"line":23,"column":0},"end":{"line":23,"column":17}},"23":{"start":{"line":24,"column":0},"end":{"line":24,"column":41}},"24":{"start":{"line":25,"column":0},"end":{"line":25,"column":26}},"25":{"start":{"line":26,"column":0},"end":{"line":26,"column":27}},"26":{"start":{"line":27,"column":0},"end":{"line":27,"column":43}},"27":{"start":{"line":28,"column":0},"end":{"line":28,"column":30}},"28":{"start":{"line":29,"column":0},"end":{"line":29,"column":14}},"29":{"start":{"line":30,"column":0},"end":{"line":30,"column":45}},"30":{"start":{"line":31,"column":0},"end":{"line":31,"column":25}},"31":{"start":{"line":32,"column":0},"end":{"line":32,"column":7}},"32":{"start":{"line":33,"column":0},"end":{"line":33,"column":9}},"33":{"start":{"line":34,"column":0},"end":{"line":34,"column":9}},"35":{"start":{"line":36,"column":0},"end":{"line":36,"column":36}},"36":{"start":{"line":37,"column":0},"end":{"line":37,"column":46}},"37":{"start":{"line":38,"column":0},"end":{"line":38,"column":56}},"38":{"start":{"line":39,"column":0},"end":{"line":39,"column":13}},"39":{"start":{"line":40,"column":0},"end":{"line":40,"column":5}},"40":{"start":{"line":41,"column":0},"end":{"line":41,"column":15}},"41":{"start":{"line":42,"column":0},"end":{"line":42,"column":50}},"42":{"start":{"line":43,"column":0},"end":{"line":43,"column":18}},"43":{"start":{"line":44,"column":0},"end":{"line":44,"column":59}},"44":{"start":{"line":45,"column":0},"end":{"line":45,"column":10}},"45":{"start":{"line":46,"column":0},"end":{"line":46,"column":8}},"46":{"start":{"line":47,"column":0},"end":{"line":47,"column":19}},"47":{"start":{"line":48,"column":0},"end":{"line":48,"column":51}},"48":{"start":{"line":49,"column":0},"end":{"line":49,"column":41}},"49":{"start":{"line":50,"column":0},"end":{"line":50,"column":33}},"50":{"start":{"line":51,"column":0},"end":{"line":51,"column":8}},"51":{"start":{"line":52,"column":0},"end":{"line":52,"column":23}},"52":{"start":{"line":53,"column":0},"end":{"line":53,"column":27}},"53":{"start":{"line":54,"column":0},"end":{"line":54,"column":47}},"54":{"start":{"line":55,"column":0},"end":{"line":55,"column":9}},"55":{"start":{"line":56,"column":0},"end":{"line":56,"column":4}},"57":{"start":{"line":58,"column":0},"end":{"line":58,"column":38}},"58":{"start":{"line":59,"column":0},"end":{"line":59,"column":15}},"59":{"start":{"line":60,"column":0},"end":{"line":60,"column":45}},"60":{"start":{"line":61,"column":0},"end":{"line":61,"column":18}},"61":{"start":{"line":62,"column":0},"end":{"line":62,"column":59}},"62":{"start":{"line":63,"column":0},"end":{"line":63,"column":10}},"63":{"start":{"line":64,"column":0},"end":{"line":64,"column":8}},"64":{"start":{"line":65,"column":0},"end":{"line":65,"column":22}},"65":{"start":{"line":66,"column":0},"end":{"line":66,"column":27}},"66":{"start":{"line":67,"column":0},"end":{"line":67,"column":30}},"67":{"start":{"line":68,"column":0},"end":{"line":68,"column":8}},"68":{"start":{"line":69,"column":0},"end":{"line":69,"column":23}},"69":{"start":{"line":70,"column":0},"end":{"line":70,"column":27}},"70":{"start":{"line":71,"column":0},"end":{"line":71,"column":45}},"71":{"start":{"line":72,"column":0},"end":{"line":72,"column":9}},"72":{"start":{"line":73,"column":0},"end":{"line":73,"column":4}},"74":{"start":{"line":75,"column":0},"end":{"line":75,"column":65}},"75":{"start":{"line":76,"column":0},"end":{"line":76,"column":23}},"76":{"start":{"line":77,"column":0},"end":{"line":77,"column":50}},"77":{"start":{"line":78,"column":0},"end":{"line":78,"column":56}},"78":{"start":{"line":79,"column":0},"end":{"line":79,"column":13}},"79":{"start":{"line":80,"column":0},"end":{"line":80,"column":5}},"80":{"start":{"line":81,"column":0},"end":{"line":81,"column":15}},"81":{"start":{"line":82,"column":0},"end":{"line":82,"column":55}},"82":{"start":{"line":83,"column":0},"end":{"line":83,"column":18}},"83":{"start":{"line":84,"column":0},"end":{"line":84,"column":59}},"84":{"start":{"line":85,"column":0},"end":{"line":85,"column":10}},"85":{"start":{"line":86,"column":0},"end":{"line":86,"column":8}},"86":{"start":{"line":87,"column":0},"end":{"line":87,"column":19}},"87":{"start":{"line":88,"column":0},"end":{"line":88,"column":51}},"88":{"start":{"line":89,"column":0},"end":{"line":89,"column":60}},"89":{"start":{"line":90,"column":0},"end":{"line":90,"column":33}},"90":{"start":{"line":91,"column":0},"end":{"line":91,"column":43}},"91":{"start":{"line":92,"column":0},"end":{"line":92,"column":35}},"92":{"start":{"line":93,"column":0},"end":{"line":93,"column":9}},"93":{"start":{"line":94,"column":0},"end":{"line":94,"column":8}},"94":{"start":{"line":95,"column":0},"end":{"line":95,"column":23}},"95":{"start":{"line":96,"column":0},"end":{"line":96,"column":27}},"96":{"start":{"line":97,"column":0},"end":{"line":97,"column":47}},"97":{"start":{"line":98,"column":0},"end":{"line":98,"column":9}},"98":{"start":{"line":99,"column":0},"end":{"line":99,"column":4}},"100":{"start":{"line":101,"column":0},"end":{"line":101,"column":10}},"101":{"start":{"line":102,"column":0},"end":{"line":102,"column":9}},"102":{"start":{"line":103,"column":0},"end":{"line":103,"column":44}},"103":{"start":{"line":104,"column":0},"end":{"line":104,"column":28}},"104":{"start":{"line":105,"column":0},"end":{"line":105,"column":13}},"105":{"start":{"line":106,"column":0},"end":{"line":106,"column":54}},"106":{"start":{"line":107,"column":0},"end":{"line":107,"column":64}},"107":{"start":{"line":108,"column":0},"end":{"line":108,"column":14}},"109":{"start":{"line":110,"column":0},"end":{"line":110,"column":28}},"110":{"start":{"line":111,"column":0},"end":{"line":111,"column":13}},"111":{"start":{"line":112,"column":0},"end":{"line":112,"column":53}},"112":{"start":{"line":113,"column":0},"end":{"line":113,"column":61}},"113":{"start":{"line":114,"column":0},"end":{"line":114,"column":32}},"114":{"start":{"line":115,"column":0},"end":{"line":115,"column":31}},"115":{"start":{"line":116,"column":0},"end":{"line":116,"column":34}},"116":{"start":{"line":117,"column":0},"end":{"line":117,"column":30}},"117":{"start":{"line":118,"column":0},"end":{"line":118,"column":59}},"118":{"start":{"line":119,"column":0},"end":{"line":119,"column":65}},"119":{"start":{"line":120,"column":0},"end":{"line":120,"column":65}},"121":{"start":{"line":122,"column":0},"end":{"line":122,"column":23}},"122":{"start":{"line":123,"column":0},"end":{"line":123,"column":18}},"123":{"start":{"line":124,"column":0},"end":{"line":124,"column":13}},"124":{"start":{"line":125,"column":0},"end":{"line":125,"column":14}},"126":{"start":{"line":127,"column":0},"end":{"line":127,"column":55}},"127":{"start":{"line":128,"column":0},"end":{"line":128,"column":74}},"128":{"start":{"line":129,"column":0},"end":{"line":129,"column":76}},"129":{"start":{"line":130,"column":0},"end":{"line":130,"column":10}},"131":{"start":{"line":132,"column":0},"end":{"line":132,"column":1}}},"s":{"0":0,"13":0,"14":0,"15":0,"16":0,"17":0,"19":0,"20":0,"21":0,"22":0,"23":0,"24":0,"25":0,"26":0,"27":0,"28":0,"29":0,"30":0,"31":0,"32":0,"33":0,"35":0,"36":0,"37":0,"38":0,"39":0,"40":0,"41":0,"42":0,"43":0,"44":0,"45":0,"46":0,"47":0,"48":0,"49":0,"50":0,"51":0,"52":0,"53":0,"54":0,"55":0,"57":0,"58":0,"59":0,"60":0,"61":0,"62":0,"63":0,"64":0,"65":0,"66":0,"67":0,"68":0,"69":0,"70":0,"71":0,"72":0,"74":0,"75":0,"76":0,"77":0,"78":0,"79":0,"80":0,"81":0,"82":0,"83":0,"84":0,"85":0,"86":0,"87":0,"88":0,"89":0,"90":0,"91":0,"92":0,"93":0,"94":0,"95":0,"96":0,"97":0,"98":0,"100":0,"101":0,"102":0,"103":0,"104":0,"105":0,"106":0,"107":0,"109":0,"110":0,"111":0,"112":0,"113":0,"114":0,"115":0,"116":0,"117":0,"118":0,"119":0,"121":0,"122":0,"123":0,"124":0,"126":0,"127":0,"128":0,"129":0,"131":0},"branchMap":{"0":{"type":"branch","line":1,"loc":{"start":{"line":1,"column":0},"end":{"line":132,"column":-918}},"locations":[{"start":{"line":1,"column":0},"end":{"line":132,"column":-918}}]}},"b":{"0":[0]},"fnMap":{"0":{"name":"(empty-report)","decl":{"start":{"line":1,"column":0},"end":{"line":132,"column":-918}},"loc":{"start":{"line":1,"column":0},"end":{"line":132,"column":-918}},"line":1}},"f":{"0":0}}
,"C:\\Users\\omarf\\OneDrive\\Desktop\\PackageNest\\Frontend\\src\\components\\DynamicContent.tsx": {"path":"C:\\Users\\omarf\\OneDrive\\Desktop\\PackageNest\\Frontend\\src\\components\\DynamicContent.tsx","all":true,"statementMap":{"0":{"start":{"line":1,"column":0},"end":{"line":1,"column":26}},"1":{"start":{"line":2,"column":0},"end":{"line":2,"column":38}},"2":{"start":{"line":3,"column":0},"end":{"line":3,"column":44}},"3":{"start":{"line":4,"column":0},"end":{"line":4,"column":42}},"4":{"start":{"line":5,"column":0},"end":{"line":5,"column":28}},"5":{"start":{"line":6,"column":0},"end":{"line":6,"column":40}},"6":{"start":{"line":7,"column":0},"end":{"line":7,"column":40}},"7":{"start":{"line":8,"column":0},"end":{"line":8,"column":30}},"8":{"start":{"line":9,"column":0},"end":{"line":9,"column":28}},"9":{"start":{"line":10,"column":0},"end":{"line":10,"column":34}},"10":{"start":{"line":11,"column":0},"end":{"line":11,"column":30}},"11":{"start":{"line":12,"column":0},"end":{"line":12,"column":44}},"12":{"start":{"line":13,"column":0},"end":{"line":13,"column":38}},"18":{"start":{"line":19,"column":0},"end":{"line":19,"column":79}},"19":{"start":{"line":20,"column":0},"end":{"line":20,"column":27}},"20":{"start":{"line":21,"column":0},"end":{"line":21,"column":22}},"21":{"start":{"line":22,"column":0},"end":{"line":22,"column":28}},"22":{"start":{"line":23,"column":0},"end":{"line":23,"column":25}},"23":{"start":{"line":24,"column":0},"end":{"line":24,"column":31}},"24":{"start":{"line":25,"column":0},"end":{"line":25,"column":25}},"25":{"start":{"line":26,"column":0},"end":{"line":26,"column":31}},"26":{"start":{"line":27,"column":0},"end":{"line":27,"column":23}},"27":{"start":{"line":28,"column":0},"end":{"line":28,"column":29}},"28":{"start":{"line":29,"column":0},"end":{"line":29,"column":25}},"29":{"start":{"line":30,"column":0},"end":{"line":30,"column":23}},"30":{"start":{"line":31,"column":0},"end":{"line":31,"column":24}},"31":{"start":{"line":32,"column":0},"end":{"line":32,"column":30}},"32":{"start":{"line":33,"column":0},"end":{"line":33,"column":23}},"33":{"start":{"line":34,"column":0},"end":{"line":34,"column":29}},"34":{"start":{"line":35,"column":0},"end":{"line":35,"column":18}},"35":{"start":{"line":36,"column":0},"end":{"line":36,"column":24}},"36":{"start":{"line":37,"column":0},"end":{"line":37,"column":17}},"37":{"start":{"line":38,"column":0},"end":{"line":38,"column":23}},"38":{"start":{"line":39,"column":0},"end":{"line":39,"column":20}},"39":{"start":{"line":40,"column":0},"end":{"line":40,"column":26}},"40":{"start":{"line":41,"column":0},"end":{"line":41,"column":18}},"41":{"start":{"line":42,"column":0},"end":{"line":42,"column":24}},"42":{"start":{"line":43,"column":0},"end":{"line":43,"column":22}},"43":{"start":{"line":44,"column":0},"end":{"line":44,"column":28}},"44":{"start":{"line":45,"column":0},"end":{"line":45,"column":12}},"45":{"start":{"line":46,"column":0},"end":{"line":46,"column":30}},"46":{"start":{"line":47,"column":0},"end":{"line":47,"column":3}},"47":{"start":{"line":48,"column":0},"end":{"line":48,"column":2}},"49":{"start":{"line":50,"column":0},"end":{"line":50,"column":30}}},"s":{"0":0,"1":0,"2":0,"3":0,"4":0,"5":0,"6":0,"7":0,"8":0,"9":0,"10":0,"11":0,"12":0,"18":0,"19":0,"20":0,"21":0,"22":0,"23":0,"24":0,"25":0,"26":0,"27":0,"28":0,"29":0,"30":0,"31":0,"32":0,"33":0,"34":0,"35":0,"36":0,"37":0,"38":0,"39":0,"40":0,"41":0,"42":0,"43":0,"44":0,"45":0,"46":0,"47":0,"49":0},"branchMap":{"0":{"type":"branch","line":1,"loc":{"start":{"line":1,"column":1388},"end":{"line":50,"column":30}},"locations":[{"start":{"line":1,"column":1388},"end":{"line":50,"column":30}}]}},"b":{"0":[0]},"fnMap":{"0":{"name":"(empty-report)","decl":{"start":{"line":1,"column":1388},"end":{"line":50,"column":30}},"loc":{"start":{"line":1,"column":1388},"end":{"line":50,"column":30}},"line":1}},"f":{"0":0}}
,"C:\\Users\\omarf\\OneDrive\\Desktop\\PackageNest\\Frontend\\src\\components\\EmptyContent.tsx": {"path":"C:\\Users\\omarf\\OneDrive\\Desktop\\PackageNest\\Frontend\\src\\components\\EmptyContent.tsx","all":true,"statementMap":{"0":{"start":{"line":1,"column":0},"end":{"line":1,"column":51}},"1":{"start":{"line":2,"column":0},"end":{"line":2,"column":47}},"3":{"start":{"line":4,"column":0},"end":{"line":4,"column":38}},"4":{"start":{"line":5,"column":0},"end":{"line":5,"column":50}},"5":{"start":{"line":6,"column":0},"end":{"line":6,"column":39}},"7":{"start":{"line":8,"column":0},"end":{"line":8,"column":19}},"8":{"start":{"line":9,"column":0},"end":{"line":9,"column":18}},"9":{"start":{"line":10,"column":0},"end":{"line":10,"column":47}},"10":{"start":{"line":11,"column":0},"end":{"line":11,"column":17}},"11":{"start":{"line":12,"column":0},"end":{"line":12,"column":41}},"12":{"start":{"line":13,"column":0},"end":{"line":13,"column":26}},"13":{"start":{"line":14,"column":0},"end":{"line":14,"column":27}},"14":{"start":{"line":15,"column":0},"end":{"line":15,"column":25}},"15":{"start":{"line":16,"column":0},"end":{"line":16,"column":14}},"16":{"start":{"line":17,"column":0},"end":{"line":17,"column":45}},"17":{"start":{"line":18,"column":0},"end":{"line":18,"column":25}},"18":{"start":{"line":19,"column":0},"end":{"line":19,"column":7}},"19":{"start":{"line":20,"column":0},"end":{"line":20,"column":9}},"20":{"start":{"line":21,"column":0},"end":{"line":21,"column":9}},"21":{"start":{"line":22,"column":0},"end":{"line":22,"column":10}},"22":{"start":{"line":23,"column":0},"end":{"line":23,"column":9}},"23":{"start":{"line":24,"column":0},"end":{"line":24,"column":74}},"24":{"start":{"line":25,"column":0},"end":{"line":25,"column":47}},"25":{"start":{"line":26,"column":0},"end":{"line":26,"column":49}},"26":{"start":{"line":27,"column":0},"end":{"line":27,"column":73}},"27":{"start":{"line":28,"column":0},"end":{"line":28,"column":10}},"29":{"start":{"line":30,"column":0},"end":{"line":30,"column":2}},"31":{"start":{"line":32,"column":0},"end":{"line":32,"column":28}}},"s":{"0":0,"1":0,"3":0,"4":0,"5":0,"7":0,"8":0,"9":0,"10":0,"11":0,"12":0,"13":0,"14":0,"15":0,"16":0,"17":0,"18":0,"19":0,"20":0,"21":0,"22":0,"23":0,"24":0,"25":0,"26":0,"27":0,"29":0,"31":0},"branchMap":{"0":{"type":"branch","line":1,"loc":{"start":{"line":1,"column":0},"end":{"line":32,"column":-281}},"locations":[{"start":{"line":1,"column":0},"end":{"line":32,"column":-281}}]}},"b":{"0":[0]},"fnMap":{"0":{"name":"(empty-report)","decl":{"start":{"line":1,"column":0},"end":{"line":32,"column":-281}},"loc":{"start":{"line":1,"column":0},"end":{"line":32,"column":-281}},"line":1}},"f":{"0":0}}
,"C:\\Users\\omarf\\OneDrive\\Desktop\\PackageNest\\Frontend\\src\\components\\GetPackage.tsx": {"path":"C:\\Users\\omarf\\OneDrive\\Desktop\\PackageNest\\Frontend\\src\\components\\GetPackage.tsx","all":true,"statementMap":{"0":{"start":{"line":1,"column":0},"end":{"line":1,"column":51}},"20":{"start":{"line":21,"column":0},"end":{"line":21,"column":38}},"21":{"start":{"line":22,"column":0},"end":{"line":22,"column":61}},"22":{"start":{"line":23,"column":0},"end":{"line":23,"column":42}},"23":{"start":{"line":24,"column":0},"end":{"line":24,"column":22}},"24":{"start":{"line":25,"column":0},"end":{"line":25,"column":35}},"25":{"start":{"line":26,"column":0},"end":{"line":26,"column":39}},"26":{"start":{"line":27,"column":0},"end":{"line":27,"column":41}},"27":{"start":{"line":28,"column":0},"end":{"line":28,"column":45}},"28":{"start":{"line":29,"column":0},"end":{"line":29,"column":42}},"29":{"start":{"line":30,"column":0},"end":{"line":30,"column":54}},"30":{"start":{"line":31,"column":0},"end":{"line":31,"column":64}},"31":{"start":{"line":32,"column":0},"end":{"line":32,"column":41}},"32":{"start":{"line":33,"column":0},"end":{"line":33,"column":50}},"34":{"start":{"line":35,"column":0},"end":{"line":35,"column":19}},"35":{"start":{"line":36,"column":0},"end":{"line":36,"column":18}},"36":{"start":{"line":37,"column":0},"end":{"line":37,"column":47}},"37":{"start":{"line":38,"column":0},"end":{"line":38,"column":17}},"38":{"start":{"line":39,"column":0},"end":{"line":39,"column":41}},"39":{"start":{"line":40,"column":0},"end":{"line":40,"column":26}},"40":{"start":{"line":41,"column":0},"end":{"line":41,"column":25}},"41":{"start":{"line":42,"column":0},"end":{"line":42,"column":14}},"42":{"start":{"line":43,"column":0},"end":{"line":43,"column":45}},"43":{"start":{"line":44,"column":0},"end":{"line":44,"column":25}},"44":{"start":{"line":45,"column":0},"end":{"line":45,"column":7}},"45":{"start":{"line":46,"column":0},"end":{"line":46,"column":9}},"46":{"start":{"line":47,"column":0},"end":{"line":47,"column":9}},"48":{"start":{"line":49,"column":0},"end":{"line":49,"column":75}},"49":{"start":{"line":50,"column":0},"end":{"line":50,"column":38}},"50":{"start":{"line":51,"column":0},"end":{"line":51,"column":23}},"51":{"start":{"line":52,"column":0},"end":{"line":52,"column":17}},"52":{"start":{"line":53,"column":0},"end":{"line":53,"column":25}},"53":{"start":{"line":54,"column":0},"end":{"line":54,"column":4}},"55":{"start":{"line":56,"column":0},"end":{"line":56,"column":26}},"56":{"start":{"line":57,"column":0},"end":{"line":57,"column":55}},"57":{"start":{"line":58,"column":0},"end":{"line":58,"column":17}},"58":{"start":{"line":59,"column":0},"end":{"line":59,"column":8}},"60":{"start":{"line":61,"column":0},"end":{"line":61,"column":23}},"62":{"start":{"line":63,"column":0},"end":{"line":63,"column":85}},"63":{"start":{"line":64,"column":0},"end":{"line":64,"column":58}},"64":{"start":{"line":65,"column":0},"end":{"line":65,"column":49}},"65":{"start":{"line":66,"column":0},"end":{"line":66,"column":48}},"66":{"start":{"line":67,"column":0},"end":{"line":67,"column":5}},"69":{"start":{"line":70,"column":0},"end":{"line":70,"column":79}},"72":{"start":{"line":73,"column":0},"end":{"line":73,"column":42}},"73":{"start":{"line":74,"column":0},"end":{"line":74,"column":53}},"74":{"start":{"line":75,"column":0},"end":{"line":75,"column":28}},"75":{"start":{"line":76,"column":0},"end":{"line":76,"column":66}},"76":{"start":{"line":77,"column":0},"end":{"line":77,"column":44}},"77":{"start":{"line":78,"column":0},"end":{"line":78,"column":25}},"78":{"start":{"line":79,"column":0},"end":{"line":79,"column":44}},"79":{"start":{"line":80,"column":0},"end":{"line":80,"column":41}},"80":{"start":{"line":81,"column":0},"end":{"line":81,"column":4}},"82":{"start":{"line":83,"column":0},"end":{"line":83,"column":52}},"83":{"start":{"line":84,"column":0},"end":{"line":84,"column":37}},"84":{"start":{"line":85,"column":0},"end":{"line":85,"column":31}},"85":{"start":{"line":86,"column":0},"end":{"line":86,"column":18}},"86":{"start":{"line":87,"column":0},"end":{"line":87,"column":47}},"87":{"start":{"line":88,"column":0},"end":{"line":88,"column":56}},"88":{"start":{"line":89,"column":0},"end":{"line":89,"column":25}},"89":{"start":{"line":90,"column":0},"end":{"line":90,"column":31}},"90":{"start":{"line":91,"column":0},"end":{"line":91,"column":25}},"91":{"start":{"line":92,"column":0},"end":{"line":92,"column":33}},"93":{"start":{"line":94,"column":0},"end":{"line":94,"column":42}},"94":{"start":{"line":95,"column":0},"end":{"line":95,"column":11}},"95":{"start":{"line":96,"column":0},"end":{"line":96,"column":16}},"96":{"start":{"line":97,"column":0},"end":{"line":97,"column":20}},"97":{"start":{"line":98,"column":0},"end":{"line":98,"column":46}},"98":{"start":{"line":99,"column":0},"end":{"line":99,"column":52}},"99":{"start":{"line":100,"column":0},"end":{"line":100,"column":25}},"100":{"start":{"line":101,"column":0},"end":{"line":101,"column":31}},"101":{"start":{"line":102,"column":0},"end":{"line":102,"column":25}},"102":{"start":{"line":103,"column":0},"end":{"line":103,"column":33}},"103":{"start":{"line":104,"column":0},"end":{"line":104,"column":42}},"104":{"start":{"line":105,"column":0},"end":{"line":105,"column":70}},"105":{"start":{"line":106,"column":0},"end":{"line":106,"column":52}},"106":{"start":{"line":107,"column":0},"end":{"line":107,"column":25}},"107":{"start":{"line":108,"column":0},"end":{"line":108,"column":31}},"108":{"start":{"line":109,"column":0},"end":{"line":109,"column":25}},"109":{"start":{"line":110,"column":0},"end":{"line":110,"column":33}},"110":{"start":{"line":111,"column":0},"end":{"line":111,"column":42}},"111":{"start":{"line":112,"column":0},"end":{"line":112,"column":11}},"112":{"start":{"line":113,"column":0},"end":{"line":113,"column":16}},"113":{"start":{"line":114,"column":0},"end":{"line":114,"column":21}},"114":{"start":{"line":115,"column":0},"end":{"line":115,"column":29}},"115":{"start":{"line":116,"column":0},"end":{"line":116,"column":51}},"116":{"start":{"line":117,"column":0},"end":{"line":117,"column":25}},"117":{"start":{"line":118,"column":0},"end":{"line":118,"column":31}},"118":{"start":{"line":119,"column":0},"end":{"line":119,"column":25}},"119":{"start":{"line":120,"column":0},"end":{"line":120,"column":33}},"120":{"start":{"line":121,"column":0},"end":{"line":121,"column":42}},"121":{"start":{"line":122,"column":0},"end":{"line":122,"column":11}},"122":{"start":{"line":123,"column":0},"end":{"line":123,"column":16}},"123":{"start":{"line":124,"column":0},"end":{"line":124,"column":16}},"124":{"start":{"line":125,"column":0},"end":{"line":125,"column":23}},"125":{"start":{"line":126,"column":0},"end":{"line":126,"column":23}},"126":{"start":{"line":127,"column":0},"end":{"line":127,"column":37}},"127":{"start":{"line":128,"column":0},"end":{"line":128,"column":7}},"128":{"start":{"line":129,"column":0},"end":{"line":129,"column":44}},"129":{"start":{"line":130,"column":0},"end":{"line":130,"column":7}},"130":{"start":{"line":131,"column":0},"end":{"line":131,"column":4}},"132":{"start":{"line":133,"column":0},"end":{"line":133,"column":30}},"133":{"start":{"line":134,"column":0},"end":{"line":134,"column":43}},"134":{"start":{"line":135,"column":0},"end":{"line":135,"column":17}},"135":{"start":{"line":136,"column":0},"end":{"line":136,"column":8}},"136":{"start":{"line":137,"column":0},"end":{"line":137,"column":23}},"137":{"start":{"line":138,"column":0},"end":{"line":138,"column":18}},"138":{"start":{"line":139,"column":0},"end":{"line":139,"column":20}},"139":{"start":{"line":140,"column":0},"end":{"line":140,"column":22}},"140":{"start":{"line":141,"column":0},"end":{"line":141,"column":43}},"141":{"start":{"line":142,"column":0},"end":{"line":142,"column":48}},"142":{"start":{"line":143,"column":0},"end":{"line":143,"column":75}},"143":{"start":{"line":144,"column":0},"end":{"line":144,"column":17}},"144":{"start":{"line":145,"column":0},"end":{"line":145,"column":81}},"145":{"start":{"line":146,"column":0},"end":{"line":146,"column":10}},"146":{"start":{"line":147,"column":0},"end":{"line":147,"column":19}},"147":{"start":{"line":148,"column":0},"end":{"line":148,"column":31}},"148":{"start":{"line":149,"column":0},"end":{"line":149,"column":18}},"149":{"start":{"line":150,"column":0},"end":{"line":150,"column":15}},"150":{"start":{"line":151,"column":0},"end":{"line":151,"column":56}},"151":{"start":{"line":152,"column":0},"end":{"line":152,"column":24}},"152":{"start":{"line":153,"column":0},"end":{"line":153,"column":65}},"153":{"start":{"line":154,"column":0},"end":{"line":154,"column":16}},"154":{"start":{"line":155,"column":0},"end":{"line":155,"column":14}},"155":{"start":{"line":156,"column":0},"end":{"line":156,"column":33}},"156":{"start":{"line":157,"column":0},"end":{"line":157,"column":41}},"157":{"start":{"line":158,"column":0},"end":{"line":158,"column":30}},"158":{"start":{"line":159,"column":0},"end":{"line":159,"column":17}},"159":{"start":{"line":160,"column":0},"end":{"line":160,"column":52}},"160":{"start":{"line":161,"column":0},"end":{"line":161,"column":58}},"161":{"start":{"line":162,"column":0},"end":{"line":162,"column":56}},"162":{"start":{"line":163,"column":0},"end":{"line":163,"column":53}},"163":{"start":{"line":164,"column":0},"end":{"line":164,"column":18}},"164":{"start":{"line":165,"column":0},"end":{"line":165,"column":17}},"165":{"start":{"line":166,"column":0},"end":{"line":166,"column":14}},"166":{"start":{"line":167,"column":0},"end":{"line":167,"column":31}},"167":{"start":{"line":168,"column":0},"end":{"line":168,"column":35}},"168":{"start":{"line":169,"column":0},"end":{"line":169,"column":27}},"169":{"start":{"line":170,"column":0},"end":{"line":170,"column":33}},"170":{"start":{"line":171,"column":0},"end":{"line":171,"column":27}},"171":{"start":{"line":172,"column":0},"end":{"line":172,"column":35}},"172":{"start":{"line":173,"column":0},"end":{"line":173,"column":15}},"173":{"start":{"line":174,"column":0},"end":{"line":174,"column":43}},"174":{"start":{"line":175,"column":0},"end":{"line":175,"column":16}},"175":{"start":{"line":176,"column":0},"end":{"line":176,"column":20}},"176":{"start":{"line":177,"column":0},"end":{"line":177,"column":18}},"177":{"start":{"line":178,"column":0},"end":{"line":178,"column":13}},"178":{"start":{"line":179,"column":0},"end":{"line":179,"column":25}},"179":{"start":{"line":180,"column":0},"end":{"line":180,"column":31}},"180":{"start":{"line":181,"column":0},"end":{"line":181,"column":14}},"181":{"start":{"line":182,"column":0},"end":{"line":182,"column":12}},"182":{"start":{"line":183,"column":0},"end":{"line":183,"column":20}},"183":{"start":{"line":184,"column":0},"end":{"line":184,"column":30}},"184":{"start":{"line":185,"column":0},"end":{"line":185,"column":12}},"185":{"start":{"line":186,"column":0},"end":{"line":186,"column":44}},"186":{"start":{"line":187,"column":0},"end":{"line":187,"column":15}},"187":{"start":{"line":188,"column":0},"end":{"line":188,"column":58}},"188":{"start":{"line":189,"column":0},"end":{"line":189,"column":24}},"189":{"start":{"line":190,"column":0},"end":{"line":190,"column":65}},"190":{"start":{"line":191,"column":0},"end":{"line":191,"column":16}},"191":{"start":{"line":192,"column":0},"end":{"line":192,"column":21}},"192":{"start":{"line":193,"column":0},"end":{"line":193,"column":14}},"193":{"start":{"line":194,"column":0},"end":{"line":194,"column":33}},"194":{"start":{"line":195,"column":0},"end":{"line":195,"column":36}},"195":{"start":{"line":196,"column":0},"end":{"line":196,"column":54}},"196":{"start":{"line":197,"column":0},"end":{"line":197,"column":35}},"197":{"start":{"line":198,"column":0},"end":{"line":198,"column":47}},"198":{"start":{"line":199,"column":0},"end":{"line":199,"column":36}},"199":{"start":{"line":200,"column":0},"end":{"line":200,"column":42}},"200":{"start":{"line":201,"column":0},"end":{"line":201,"column":77}},"201":{"start":{"line":202,"column":0},"end":{"line":202,"column":31}},"202":{"start":{"line":203,"column":0},"end":{"line":203,"column":37}},"203":{"start":{"line":204,"column":0},"end":{"line":204,"column":35}},"204":{"start":{"line":205,"column":0},"end":{"line":205,"column":18}},"205":{"start":{"line":206,"column":0},"end":{"line":206,"column":39}},"206":{"start":{"line":207,"column":0},"end":{"line":207,"column":14}},"207":{"start":{"line":208,"column":0},"end":{"line":208,"column":31}},"208":{"start":{"line":209,"column":0},"end":{"line":209,"column":35}},"209":{"start":{"line":210,"column":0},"end":{"line":210,"column":27}},"210":{"start":{"line":211,"column":0},"end":{"line":211,"column":33}},"211":{"start":{"line":212,"column":0},"end":{"line":212,"column":27}},"212":{"start":{"line":213,"column":0},"end":{"line":213,"column":35}},"213":{"start":{"line":214,"column":0},"end":{"line":214,"column":15}},"214":{"start":{"line":215,"column":0},"end":{"line":215,"column":45}},"215":{"start":{"line":216,"column":0},"end":{"line":216,"column":16}},"216":{"start":{"line":217,"column":0},"end":{"line":217,"column":21}},"217":{"start":{"line":218,"column":0},"end":{"line":218,"column":18}},"218":{"start":{"line":219,"column":0},"end":{"line":219,"column":25}},"219":{"start":{"line":220,"column":0},"end":{"line":220,"column":12}},"220":{"start":{"line":221,"column":0},"end":{"line":221,"column":15}},"221":{"start":{"line":222,"column":0},"end":{"line":222,"column":65}},"222":{"start":{"line":223,"column":0},"end":{"line":223,"column":24}},"223":{"start":{"line":224,"column":0},"end":{"line":224,"column":65}},"224":{"start":{"line":225,"column":0},"end":{"line":225,"column":16}},"225":{"start":{"line":226,"column":0},"end":{"line":226,"column":14}},"226":{"start":{"line":227,"column":0},"end":{"line":227,"column":33}},"228":{"start":{"line":229,"column":0},"end":{"line":229,"column":77}},"229":{"start":{"line":230,"column":0},"end":{"line":230,"column":31}},"230":{"start":{"line":231,"column":0},"end":{"line":231,"column":37}},"231":{"start":{"line":232,"column":0},"end":{"line":232,"column":35}},"232":{"start":{"line":233,"column":0},"end":{"line":233,"column":18}},"233":{"start":{"line":234,"column":0},"end":{"line":234,"column":78}},"234":{"start":{"line":235,"column":0},"end":{"line":235,"column":55}},"235":{"start":{"line":236,"column":0},"end":{"line":236,"column":52}},"236":{"start":{"line":237,"column":0},"end":{"line":237,"column":14}},"237":{"start":{"line":238,"column":0},"end":{"line":238,"column":31}},"238":{"start":{"line":239,"column":0},"end":{"line":239,"column":35}},"239":{"start":{"line":240,"column":0},"end":{"line":240,"column":81}},"240":{"start":{"line":241,"column":0},"end":{"line":241,"column":50}},"241":{"start":{"line":242,"column":0},"end":{"line":242,"column":33}},"242":{"start":{"line":243,"column":0},"end":{"line":243,"column":27}},"243":{"start":{"line":244,"column":0},"end":{"line":244,"column":35}},"244":{"start":{"line":245,"column":0},"end":{"line":245,"column":15}},"245":{"start":{"line":246,"column":0},"end":{"line":246,"column":46}},"246":{"start":{"line":247,"column":0},"end":{"line":247,"column":16}},"247":{"start":{"line":248,"column":0},"end":{"line":248,"column":16}},"248":{"start":{"line":249,"column":0},"end":{"line":249,"column":51}},"249":{"start":{"line":250,"column":0},"end":{"line":250,"column":38}},"250":{"start":{"line":251,"column":0},"end":{"line":251,"column":23}},"251":{"start":{"line":252,"column":0},"end":{"line":252,"column":7}},"252":{"start":{"line":253,"column":0},"end":{"line":253,"column":33}},"253":{"start":{"line":254,"column":0},"end":{"line":254,"column":5}},"254":{"start":{"line":255,"column":0},"end":{"line":255,"column":4}},"256":{"start":{"line":257,"column":0},"end":{"line":257,"column":10}},"257":{"start":{"line":258,"column":0},"end":{"line":258,"column":36}},"258":{"start":{"line":259,"column":0},"end":{"line":259,"column":78}},"259":{"start":{"line":260,"column":0},"end":{"line":260,"column":67}},"260":{"start":{"line":261,"column":0},"end":{"line":261,"column":10}},"261":{"start":{"line":262,"column":0},"end":{"line":262,"column":17}},"262":{"start":{"line":263,"column":0},"end":{"line":263,"column":38}},"263":{"start":{"line":264,"column":0},"end":{"line":264,"column":32}},"264":{"start":{"line":265,"column":0},"end":{"line":265,"column":51}},"266":{"start":{"line":267,"column":0},"end":{"line":267,"column":49}},"267":{"start":{"line":268,"column":0},"end":{"line":268,"column":53}},"268":{"start":{"line":269,"column":0},"end":{"line":269,"column":55}},"269":{"start":{"line":270,"column":0},"end":{"line":270,"column":19}},"270":{"start":{"line":271,"column":0},"end":{"line":271,"column":39}},"271":{"start":{"line":272,"column":0},"end":{"line":272,"column":18}},"272":{"start":{"line":273,"column":0},"end":{"line":273,"column":25}},"273":{"start":{"line":274,"column":0},"end":{"line":274,"column":47}},"274":{"start":{"line":275,"column":0},"end":{"line":275,"column":35}},"275":{"start":{"line":276,"column":0},"end":{"line":276,"column":24}},"276":{"start":{"line":277,"column":0},"end":{"line":277,"column":53}},"277":{"start":{"line":278,"column":0},"end":{"line":278,"column":14}},"279":{"start":{"line":280,"column":0},"end":{"line":280,"column":41}},"280":{"start":{"line":281,"column":0},"end":{"line":281,"column":14}},"281":{"start":{"line":282,"column":0},"end":{"line":282,"column":20}},"282":{"start":{"line":283,"column":0},"end":{"line":283,"column":27}},"283":{"start":{"line":284,"column":0},"end":{"line":284,"column":51}},"284":{"start":{"line":285,"column":0},"end":{"line":285,"column":37}},"285":{"start":{"line":286,"column":0},"end":{"line":286,"column":57}},"286":{"start":{"line":287,"column":0},"end":{"line":287,"column":16}},"287":{"start":{"line":288,"column":0},"end":{"line":288,"column":20}},"288":{"start":{"line":289,"column":0},"end":{"line":289,"column":27}},"289":{"start":{"line":290,"column":0},"end":{"line":290,"column":54}},"290":{"start":{"line":291,"column":0},"end":{"line":291,"column":37}},"291":{"start":{"line":292,"column":0},"end":{"line":292,"column":60}},"292":{"start":{"line":293,"column":0},"end":{"line":293,"column":16}},"293":{"start":{"line":294,"column":0},"end":{"line":294,"column":15}},"295":{"start":{"line":296,"column":0},"end":{"line":296,"column":42}},"296":{"start":{"line":297,"column":0},"end":{"line":297,"column":18}},"297":{"start":{"line":298,"column":0},"end":{"line":298,"column":25}},"298":{"start":{"line":299,"column":0},"end":{"line":299,"column":50}},"299":{"start":{"line":300,"column":0},"end":{"line":300,"column":35}},"300":{"start":{"line":301,"column":0},"end":{"line":301,"column":27}},"301":{"start":{"line":302,"column":0},"end":{"line":302,"column":56}},"302":{"start":{"line":303,"column":0},"end":{"line":303,"column":14}},"304":{"start":{"line":305,"column":0},"end":{"line":305,"column":17}},"305":{"start":{"line":306,"column":0},"end":{"line":306,"column":38}},"306":{"start":{"line":307,"column":0},"end":{"line":307,"column":47}},"307":{"start":{"line":308,"column":0},"end":{"line":308,"column":11}},"309":{"start":{"line":310,"column":0},"end":{"line":310,"column":19}},"310":{"start":{"line":311,"column":0},"end":{"line":311,"column":26}},"311":{"start":{"line":312,"column":0},"end":{"line":312,"column":19}},"312":{"start":{"line":313,"column":0},"end":{"line":313,"column":40}},"313":{"start":{"line":314,"column":0},"end":{"line":314,"column":49}},"314":{"start":{"line":315,"column":0},"end":{"line":315,"column":13}},"316":{"start":{"line":317,"column":0},"end":{"line":317,"column":21}},"318":{"start":{"line":319,"column":0},"end":{"line":319,"column":26}},"319":{"start":{"line":320,"column":0},"end":{"line":320,"column":19}},"320":{"start":{"line":321,"column":0},"end":{"line":321,"column":40}},"321":{"start":{"line":322,"column":0},"end":{"line":322,"column":49}},"322":{"start":{"line":323,"column":0},"end":{"line":323,"column":13}},"324":{"start":{"line":325,"column":0},"end":{"line":325,"column":21}},"326":{"start":{"line":327,"column":0},"end":{"line":327,"column":73}},"327":{"start":{"line":328,"column":0},"end":{"line":328,"column":62}},"329":{"start":{"line":330,"column":0},"end":{"line":330,"column":15}},"330":{"start":{"line":331,"column":0},"end":{"line":331,"column":40}},"331":{"start":{"line":332,"column":0},"end":{"line":332,"column":39}},"332":{"start":{"line":333,"column":0},"end":{"line":333,"column":65}},"333":{"start":{"line":334,"column":0},"end":{"line":334,"column":35}},"334":{"start":{"line":335,"column":0},"end":{"line":335,"column":45}},"335":{"start":{"line":336,"column":0},"end":{"line":336,"column":51}},"336":{"start":{"line":337,"column":0},"end":{"line":337,"column":71}},"337":{"start":{"line":338,"column":0},"end":{"line":338,"column":71}},"338":{"start":{"line":339,"column":0},"end":{"line":339,"column":38}},"339":{"start":{"line":340,"column":0},"end":{"line":340,"column":76}},"341":{"start":{"line":342,"column":0},"end":{"line":342,"column":32}},"342":{"start":{"line":343,"column":0},"end":{"line":343,"column":66}},"344":{"start":{"line":345,"column":0},"end":{"line":345,"column":27}},"346":{"start":{"line":347,"column":0},"end":{"line":347,"column":20}},"347":{"start":{"line":348,"column":0},"end":{"line":348,"column":15}},"348":{"start":{"line":349,"column":0},"end":{"line":349,"column":16}},"349":{"start":{"line":350,"column":0},"end":{"line":350,"column":11}},"351":{"start":{"line":352,"column":0},"end":{"line":352,"column":66}},"352":{"start":{"line":353,"column":0},"end":{"line":353,"column":35}},"354":{"start":{"line":355,"column":0},"end":{"line":355,"column":10}},"356":{"start":{"line":357,"column":0},"end":{"line":357,"column":1}}},"s":{"0":0,"20":0,"21":0,"22":0,"23":0,"24":0,"25":0,"26":0,"27":0,"28":0,"29":0,"30":0,"31":0,"32":0,"34":0,"35":0,"36":0,"37":0,"38":0,"39":0,"40":0,"41":0,"42":0,"43":0,"44":0,"45":0,"46":0,"48":0,"49":0,"50":0,"51":0,"52":0,"53":0,"55":0,"56":0,"57":0,"58":0,"60":0,"62":0,"63":0,"64":0,"65":0,"66":0,"69":0,"72":0,"73":0,"74":0,"75":0,"76":0,"77":0,"78":0,"79":0,"80":0,"82":0,"83":0,"84":0,"85":0,"86":0,"87":0,"88":0,"89":0,"90":0,"91":0,"93":0,"94":0,"95":0,"96":0,"97":0,"98":0,"99":0,"100":0,"101":0,"102":0,"103":0,"104":0,"105":0,"106":0,"107":0,"108":0,"109":0,"110":0,"111":0,"112":0,"113":0,"114":0,"115":0,"116":0,"117":0,"118":0,"119":0,"120":0,"121":0,"122":0,"123":0,"124":0,"125":0,"126":0,"127":0,"128":0,"129":0,"130":0,"132":0,"133":0,"134":0,"135":0,"136":0,"137":0,"138":0,"139":0,"140":0,"141":0,"142":0,"143":0,"144":0,"145":0,"146":0,"147":0,"148":0,"149":0,"150":0,"151":0,"152":0,"153":0,"154":0,"155":0,"156":0,"157":0,"158":0,"159":0,"160":0,"161":0,"162":0,"163":0,"164":0,"165":0,"166":0,"167":0,"168":0,"169":0,"170":0,"171":0,"172":0,"173":0,"174":0,"175":0,"176":0,"177":0,"178":0,"179":0,"180":0,"181":0,"182":0,"183":0,"184":0,"185":0,"186":0,"187":0,"188":0,"189":0,"190":0,"191":0,"192":0,"193":0,"194":0,"195":0,"196":0,"197":0,"198":0,"199":0,"200":0,"201":0,"202":0,"203":0,"204":0,"205":0,"206":0,"207":0,"208":0,"209":0,"210":0,"211":0,"212":0,"213":0,"214":0,"215":0,"216":0,"217":0,"218":0,"219":0,"220":0,"221":0,"222":0,"223":0,"224":0,"225":0,"226":0,"228":0,"229":0,"230":0,"231":0,"232":0,"233":0,"234":0,"235":0,"236":0,"237":0,"238":0,"239":0,"240":0,"241":0,"242":0,"243":0,"244":0,"245":0,"246":0,"247":0,"248":0,"249":0,"250":0,"251":0,"252":0,"253":0,"254":0,"256":0,"257":0,"258":0,"259":0,"260":0,"261":0,"262":0,"263":0,"264":0,"266":0,"267":0,"268":0,"269":0,"270":0,"271":0,"272":0,"273":0,"274":0,"275":0,"276":0,"277":0,"279":0,"280":0,"281":0,"282":0,"283":0,"284":0,"285":0,"286":0,"287":0,"288":0,"289":0,"290":0,"291":0,"292":0,"293":0,"295":0,"296":0,"297":0,"298":0,"299":0,"300":0,"301":0,"302":0,"304":0,"305":0,"306":0,"307":0,"309":0,"310":0,"311":0,"312":0,"313":0,"314":0,"316":0,"318":0,"319":0,"320":0,"321":0,"322":0,"324":0,"326":0,"327":0,"329":0,"330":0,"331":0,"332":0,"333":0,"334":0,"335":0,"336":0,"337":0,"338":0,"339":0,"341":0,"342":0,"344":0,"346":0,"347":0,"348":0,"349":0,"351":0,"352":0,"354":0,"356":0},"branchMap":{"0":{"type":"branch","line":1,"loc":{"start":{"line":1,"column":0},"end":{"line":357,"column":-1797}},"locations":[{"start":{"line":1,"column":0},"end":{"line":357,"column":-1797}}]}},"b":{"0":[0]},"fnMap":{"0":{"name":"(empty-report)","decl":{"start":{"line":1,"column":0},"end":{"line":357,"column":-1797}},"loc":{"start":{"line":1,"column":0},"end":{"line":357,"column":-1797}},"line":1}},"f":{"0":0}}
,"C:\\Users\\omarf\\OneDrive\\Desktop\\PackageNest\\Frontend\\src\\components\\InitialRate.tsx": {"path":"C:\\Users\\omarf\\OneDrive\\Desktop\\PackageNest\\Frontend\\src\\components\\InitialRate.tsx","all":true,"statementMap":{"0":{"start":{"line":1,"column":0},"end":{"line":1,"column":44}},"3":{"start":{"line":4,"column":0},"end":{"line":4,"column":39}},"4":{"start":{"line":5,"column":0},"end":{"line":5,"column":36}},"5":{"start":{"line":6,"column":0},"end":{"line":6,"column":12}},"6":{"start":{"line":7,"column":0},"end":{"line":7,"column":20}},"7":{"start":{"line":8,"column":0},"end":{"line":8,"column":24}},"8":{"start":{"line":9,"column":0},"end":{"line":9,"column":16}},"9":{"start":{"line":10,"column":0},"end":{"line":10,"column":27}},"10":{"start":{"line":11,"column":0},"end":{"line":11,"column":23}},"11":{"start":{"line":12,"column":0},"end":{"line":12,"column":31}},"12":{"start":{"line":13,"column":0},"end":{"line":13,"column":18}},"13":{"start":{"line":14,"column":0},"end":{"line":14,"column":26}},"14":{"start":{"line":15,"column":0},"end":{"line":15,"column":20}},"15":{"start":{"line":16,"column":0},"end":{"line":16,"column":27}},"16":{"start":{"line":17,"column":0},"end":{"line":17,"column":28}},"17":{"start":{"line":18,"column":0},"end":{"line":18,"column":35}},"18":{"start":{"line":19,"column":0},"end":{"line":19,"column":30}},"19":{"start":{"line":20,"column":0},"end":{"line":20,"column":40}},"20":{"start":{"line":21,"column":0},"end":{"line":21,"column":15}},"21":{"start":{"line":22,"column":0},"end":{"line":22,"column":27}},"22":{"start":{"line":23,"column":0},"end":{"line":23,"column":5}},"24":{"start":{"line":25,"column":0},"end":{"line":25,"column":19}},"25":{"start":{"line":26,"column":0},"end":{"line":26,"column":9}},"26":{"start":{"line":27,"column":0},"end":{"line":27,"column":50}},"27":{"start":{"line":28,"column":0},"end":{"line":28,"column":50}},"28":{"start":{"line":29,"column":0},"end":{"line":29,"column":9}},"30":{"start":{"line":31,"column":0},"end":{"line":31,"column":10}},"31":{"start":{"line":32,"column":0},"end":{"line":32,"column":6}},"32":{"start":{"line":33,"column":0},"end":{"line":33,"column":10}},"33":{"start":{"line":34,"column":0},"end":{"line":34,"column":50}},"34":{"start":{"line":35,"column":0},"end":{"line":35,"column":11}},"35":{"start":{"line":36,"column":0},"end":{"line":36,"column":27}},"36":{"start":{"line":37,"column":0},"end":{"line":37,"column":7}},"38":{"start":{"line":39,"column":0},"end":{"line":39,"column":1}}},"s":{"0":0,"3":0,"4":0,"5":0,"6":0,"7":0,"8":0,"9":0,"10":0,"11":0,"12":0,"13":0,"14":0,"15":0,"16":0,"17":0,"18":0,"19":0,"20":0,"21":0,"22":0,"24":0,"25":0,"26":0,"27":0,"28":0,"30":0,"31":0,"32":0,"33":0,"34":0,"35":0,"36":0,"38":0},"branchMap":{"0":{"type":"branch","line":1,"loc":{"start":{"line":1,"column":0},"end":{"line":39,"column":-260}},"locations":[{"start":{"line":1,"column":0},"end":{"line":39,"column":-260}}]}},"b":{"0":[0]},"fnMap":{"0":{"name":"(empty-report)","decl":{"start":{"line":1,"column":0},"end":{"line":39,"column":-260}},"loc":{"start":{"line":1,"column":0},"end":{"line":39,"column":-260}},"line":1}},"f":{"0":0}}
,"C:\\Users\\omarf\\OneDrive\\Desktop\\PackageNest\\Frontend\\src\\components\\Login.tsx": {"path":"C:\\Users\\omarf\\OneDrive\\Desktop\\PackageNest\\Frontend\\src\\components\\Login.tsx","all":true,"statementMap":{"0":{"start":{"line":1,"column":0},"end":{"line":1,"column":26}},"5":{"start":{"line":6,"column":0},"end":{"line":6,"column":33}},"6":{"start":{"line":7,"column":0},"end":{"line":7,"column":39}},"7":{"start":{"line":8,"column":0},"end":{"line":8,"column":47}},"8":{"start":{"line":9,"column":0},"end":{"line":9,"column":42}},"10":{"start":{"line":11,"column":0},"end":{"line":11,"column":19}},"11":{"start":{"line":12,"column":0},"end":{"line":12,"column":18}},"12":{"start":{"line":13,"column":0},"end":{"line":13,"column":47}},"13":{"start":{"line":14,"column":0},"end":{"line":14,"column":17}},"14":{"start":{"line":15,"column":0},"end":{"line":15,"column":41}},"15":{"start":{"line":16,"column":0},"end":{"line":16,"column":26}},"16":{"start":{"line":17,"column":0},"end":{"line":17,"column":14}},"17":{"start":{"line":18,"column":0},"end":{"line":18,"column":45}},"18":{"start":{"line":19,"column":0},"end":{"line":19,"column":7}},"19":{"start":{"line":20,"column":0},"end":{"line":20,"column":9}},"20":{"start":{"line":21,"column":0},"end":{"line":21,"column":9}},"22":{"start":{"line":23,"column":0},"end":{"line":23,"column":36}},"23":{"start":{"line":24,"column":0},"end":{"line":24,"column":61}},"24":{"start":{"line":25,"column":0},"end":{"line":25,"column":41}},"25":{"start":{"line":26,"column":0},"end":{"line":26,"column":48}},"26":{"start":{"line":27,"column":0},"end":{"line":27,"column":13}},"27":{"start":{"line":28,"column":0},"end":{"line":28,"column":5}},"28":{"start":{"line":29,"column":0},"end":{"line":29,"column":67}},"29":{"start":{"line":30,"column":0},"end":{"line":30,"column":55}},"30":{"start":{"line":31,"column":0},"end":{"line":31,"column":13}},"31":{"start":{"line":32,"column":0},"end":{"line":32,"column":5}},"32":{"start":{"line":33,"column":0},"end":{"line":33,"column":55}},"33":{"start":{"line":34,"column":0},"end":{"line":34,"column":62}},"34":{"start":{"line":35,"column":0},"end":{"line":35,"column":13}},"35":{"start":{"line":36,"column":0},"end":{"line":36,"column":5}},"36":{"start":{"line":37,"column":0},"end":{"line":37,"column":30}},"37":{"start":{"line":38,"column":0},"end":{"line":38,"column":18}},"38":{"start":{"line":39,"column":0},"end":{"line":39,"column":13}},"39":{"start":{"line":40,"column":0},"end":{"line":40,"column":19}},"40":{"start":{"line":41,"column":0},"end":{"line":41,"column":23}},"41":{"start":{"line":42,"column":0},"end":{"line":42,"column":8}},"42":{"start":{"line":43,"column":0},"end":{"line":43,"column":15}},"43":{"start":{"line":44,"column":0},"end":{"line":44,"column":27}},"44":{"start":{"line":45,"column":0},"end":{"line":45,"column":8}},"45":{"start":{"line":46,"column":0},"end":{"line":46,"column":6}},"46":{"start":{"line":47,"column":0},"end":{"line":47,"column":9}},"47":{"start":{"line":48,"column":0},"end":{"line":48,"column":53}},"48":{"start":{"line":49,"column":0},"end":{"line":49,"column":27}},"49":{"start":{"line":50,"column":0},"end":{"line":50,"column":35}},"50":{"start":{"line":51,"column":0},"end":{"line":51,"column":46}},"51":{"start":{"line":52,"column":0},"end":{"line":52,"column":34}},"52":{"start":{"line":53,"column":0},"end":{"line":53,"column":33}},"53":{"start":{"line":54,"column":0},"end":{"line":54,"column":8}},"54":{"start":{"line":55,"column":0},"end":{"line":55,"column":25}},"55":{"start":{"line":56,"column":0},"end":{"line":56,"column":29}},"56":{"start":{"line":57,"column":0},"end":{"line":57,"column":39}},"57":{"start":{"line":58,"column":0},"end":{"line":58,"column":9}},"58":{"start":{"line":59,"column":0},"end":{"line":59,"column":4}},"60":{"start":{"line":61,"column":0},"end":{"line":61,"column":10}},"61":{"start":{"line":62,"column":0},"end":{"line":62,"column":9}},"62":{"start":{"line":63,"column":0},"end":{"line":63,"column":47}},"63":{"start":{"line":64,"column":0},"end":{"line":64,"column":12}},"64":{"start":{"line":65,"column":0},"end":{"line":65,"column":29}},"65":{"start":{"line":66,"column":0},"end":{"line":66,"column":19}},"66":{"start":{"line":67,"column":0},"end":{"line":67,"column":30}},"67":{"start":{"line":68,"column":0},"end":{"line":68,"column":20}},"68":{"start":{"line":69,"column":0},"end":{"line":69,"column":49}},"69":{"start":{"line":70,"column":0},"end":{"line":70,"column":8}},"70":{"start":{"line":71,"column":0},"end":{"line":71,"column":12}},"71":{"start":{"line":72,"column":0},"end":{"line":72,"column":29}},"72":{"start":{"line":73,"column":0},"end":{"line":73,"column":23}},"73":{"start":{"line":74,"column":0},"end":{"line":74,"column":30}},"74":{"start":{"line":75,"column":0},"end":{"line":75,"column":24}},"75":{"start":{"line":76,"column":0},"end":{"line":76,"column":53}},"76":{"start":{"line":77,"column":0},"end":{"line":77,"column":8}},"77":{"start":{"line":78,"column":0},"end":{"line":78,"column":11}},"78":{"start":{"line":79,"column":0},"end":{"line":79,"column":72}},"79":{"start":{"line":80,"column":0},"end":{"line":80,"column":74}},"80":{"start":{"line":81,"column":0},"end":{"line":81,"column":74}},"81":{"start":{"line":82,"column":0},"end":{"line":82,"column":12}},"82":{"start":{"line":83,"column":0},"end":{"line":83,"column":52}},"83":{"start":{"line":84,"column":0},"end":{"line":84,"column":10}},"85":{"start":{"line":86,"column":0},"end":{"line":86,"column":1}}},"s":{"0":0,"5":0,"6":0,"7":0,"8":0,"10":0,"11":0,"12":0,"13":0,"14":0,"15":0,"16":0,"17":0,"18":0,"19":0,"20":0,"22":0,"23":0,"24":0,"25":0,"26":0,"27":0,"28":0,"29":0,"30":0,"31":0,"32":0,"33":0,"34":0,"35":0,"36":0,"37":0,"38":0,"39":0,"40":0,"41":0,"42":0,"43":0,"44":0,"45":0,"46":0,"47":0,"48":0,"49":0,"50":0,"51":0,"52":0,"53":0,"54":0,"55":0,"56":0,"57":0,"58":0,"60":0,"61":0,"62":0,"63":0,"64":0,"65":0,"66":0,"67":0,"68":0,"69":0,"70":0,"71":0,"72":0,"73":0,"74":0,"75":0,"76":0,"77":0,"78":0,"79":0,"80":0,"81":0,"82":0,"83":0,"85":0},"branchMap":{"0":{"type":"branch","line":1,"loc":{"start":{"line":1,"column":0},"end":{"line":86,"column":-741}},"locations":[{"start":{"line":1,"column":0},"end":{"line":86,"column":-741}}]}},"b":{"0":[0]},"fnMap":{"0":{"name":"(empty-report)","decl":{"start":{"line":1,"column":0},"end":{"line":86,"column":-741}},"loc":{"start":{"line":1,"column":0},"end":{"line":86,"column":-741}},"line":1}},"f":{"0":0}}
,"C:\\Users\\omarf\\OneDrive\\Desktop\\PackageNest\\Frontend\\src\\components\\Logout.tsx": {"path":"C:\\Users\\omarf\\OneDrive\\Desktop\\PackageNest\\Frontend\\src\\components\\Logout.tsx","all":true,"statementMap":{"0":{"start":{"line":1,"column":0},"end":{"line":1,"column":38}},"2":{"start":{"line":3,"column":0},"end":{"line":3,"column":34}},"3":{"start":{"line":4,"column":0},"end":{"line":4,"column":30}},"4":{"start":{"line":5,"column":0},"end":{"line":5,"column":31}},"5":{"start":{"line":6,"column":0},"end":{"line":6,"column":17}},"6":{"start":{"line":7,"column":0},"end":{"line":7,"column":29}},"7":{"start":{"line":8,"column":0},"end":{"line":8,"column":4}},"9":{"start":{"line":10,"column":0},"end":{"line":10,"column":10}},"10":{"start":{"line":11,"column":0},"end":{"line":11,"column":9}},"11":{"start":{"line":12,"column":0},"end":{"line":12,"column":38}},"12":{"start":{"line":13,"column":0},"end":{"line":13,"column":49}},"13":{"start":{"line":14,"column":0},"end":{"line":14,"column":25}},"14":{"start":{"line":15,"column":0},"end":{"line":15,"column":10}},"16":{"start":{"line":17,"column":0},"end":{"line":17,"column":1}}},"s":{"0":0,"2":0,"3":0,"4":0,"5":0,"6":0,"7":0,"9":0,"10":0,"11":0,"12":0,"13":0,"14":0,"16":0},"branchMap":{"0":{"type":"branch","line":1,"loc":{"start":{"line":1,"column":0},"end":{"line":17,"column":-178}},"locations":[{"start":{"line":1,"column":0},"end":{"line":17,"column":-178}}]}},"b":{"0":[0]},"fnMap":{"0":{"name":"(empty-report)","decl":{"start":{"line":1,"column":0},"end":{"line":17,"column":-178}},"loc":{"start":{"line":1,"column":0},"end":{"line":17,"column":-178}},"line":1}},"f":{"0":0}}
,"C:\\Users\\omarf\\OneDrive\\Desktop\\PackageNest\\Frontend\\src\\components\\RatePackage.tsx": {"path":"C:\\Users\\omarf\\OneDrive\\Desktop\\PackageNest\\Frontend\\src\\components\\RatePackage.tsx","all":true,"statementMap":{"0":{"start":{"line":1,"column":0},"end":{"line":1,"column":44}},"24":{"start":{"line":25,"column":0},"end":{"line":25,"column":39}},"25":{"start":{"line":26,"column":0},"end":{"line":26,"column":35}},"26":{"start":{"line":27,"column":0},"end":{"line":27,"column":54}},"27":{"start":{"line":28,"column":0},"end":{"line":28,"column":50}},"28":{"start":{"line":29,"column":0},"end":{"line":29,"column":46}},"30":{"start":{"line":31,"column":0},"end":{"line":31,"column":19}},"31":{"start":{"line":32,"column":0},"end":{"line":32,"column":18}},"32":{"start":{"line":33,"column":0},"end":{"line":33,"column":47}},"33":{"start":{"line":34,"column":0},"end":{"line":34,"column":17}},"34":{"start":{"line":35,"column":0},"end":{"line":35,"column":41}},"35":{"start":{"line":36,"column":0},"end":{"line":36,"column":26}},"36":{"start":{"line":37,"column":0},"end":{"line":37,"column":25}},"37":{"start":{"line":38,"column":0},"end":{"line":38,"column":14}},"38":{"start":{"line":39,"column":0},"end":{"line":39,"column":45}},"39":{"start":{"line":40,"column":0},"end":{"line":40,"column":25}},"40":{"start":{"line":41,"column":0},"end":{"line":41,"column":7}},"41":{"start":{"line":42,"column":0},"end":{"line":42,"column":9}},"42":{"start":{"line":43,"column":0},"end":{"line":43,"column":9}},"44":{"start":{"line":45,"column":0},"end":{"line":45,"column":36}},"45":{"start":{"line":46,"column":0},"end":{"line":46,"column":31}},"46":{"start":{"line":47,"column":0},"end":{"line":47,"column":19}},"47":{"start":{"line":48,"column":0},"end":{"line":48,"column":49}},"48":{"start":{"line":49,"column":0},"end":{"line":49,"column":12}},"49":{"start":{"line":50,"column":0},"end":{"line":50,"column":50}},"50":{"start":{"line":51,"column":0},"end":{"line":51,"column":17}},"51":{"start":{"line":52,"column":0},"end":{"line":52,"column":57}},"52":{"start":{"line":53,"column":0},"end":{"line":53,"column":20}},"53":{"start":{"line":54,"column":0},"end":{"line":54,"column":61}},"54":{"start":{"line":55,"column":0},"end":{"line":55,"column":12}},"55":{"start":{"line":56,"column":0},"end":{"line":56,"column":10}},"56":{"start":{"line":57,"column":0},"end":{"line":57,"column":29}},"57":{"start":{"line":58,"column":0},"end":{"line":58,"column":33}},"58":{"start":{"line":59,"column":0},"end":{"line":59,"column":28}},"59":{"start":{"line":60,"column":0},"end":{"line":60,"column":10}},"60":{"start":{"line":61,"column":0},"end":{"line":61,"column":27}},"61":{"start":{"line":62,"column":0},"end":{"line":62,"column":31}},"62":{"start":{"line":63,"column":0},"end":{"line":63,"column":58}},"63":{"start":{"line":64,"column":0},"end":{"line":64,"column":11}},"64":{"start":{"line":65,"column":0},"end":{"line":65,"column":5}},"65":{"start":{"line":66,"column":0},"end":{"line":66,"column":4}},"67":{"start":{"line"
[...]
e":198,"column":0},"end":{"line":198,"column":44}},"198":{"start":{"line":199,"column":0},"end":{"line":199,"column":29}},"199":{"start":{"line":200,"column":0},"end":{"line":200,"column":32}},"200":{"start":{"line":201,"column":0},"end":{"line":201,"column":47}},"201":{"start":{"line":202,"column":0},"end":{"line":202,"column":29}},"202":{"start":{"line":203,"column":0},"end":{"line":203,"column":59}},"203":{"start":{"line":204,"column":0},"end":{"line":204,"column":15}},"205":{"start":{"line":206,"column":0},"end":{"line":206,"column":31}},"206":{"start":{"line":207,"column":0},"end":{"line":207,"column":18}},"208":{"start":{"line":209,"column":0},"end":{"line":209,"column":18}},"209":{"start":{"line":210,"column":0},"end":{"line":210,"column":25}},"210":{"start":{"line":211,"column":0},"end":{"line":211,"column":51}},"211":{"start":{"line":212,"column":0},"end":{"line":212,"column":35}},"212":{"start":{"line":213,"column":0},"end":{"line":213,"column":31}},"213":{"start":{"line":214,"column":0},"end":{"line":214,"column":60}},"214":{"start":{"line":215,"column":0},"end":{"line":215,"column":14}},"216":{"start":{"line":217,"column":0},"end":{"line":217,"column":15}},"217":{"start":{"line":218,"column":0},"end":{"line":218,"column":18}},"218":{"start":{"line":219,"column":0},"end":{"line":219,"column":35}},"219":{"start":{"line":220,"column":0},"end":{"line":220,"column":46}},"220":{"start":{"line":221,"column":0},"end":{"line":221,"column":26}},"221":{"start":{"line":222,"column":0},"end":{"line":222,"column":55}},"222":{"start":{"line":223,"column":0},"end":{"line":223,"column":14}},"223":{"start":{"line":224,"column":0},"end":{"line":224,"column":18}},"224":{"start":{"line":225,"column":0},"end":{"line":225,"column":35}},"225":{"start":{"line":226,"column":0},"end":{"line":226,"column":53}},"226":{"start":{"line":227,"column":0},"end":{"line":227,"column":29}},"227":{"start":{"line":228,"column":0},"end":{"line":228,"column":58}},"228":{"start":{"line":229,"column":0},"end":{"line":229,"column":14}},"229":{"start":{"line":230,"column":0},"end":{"line":230,"column":18}},"230":{"start":{"line":231,"column":0},"end":{"line":231,"column":25}},"231":{"start":{"line":232,"column":0},"end":{"line":232,"column":48}},"232":{"start":{"line":233,"column":0},"end":{"line":233,"column":35}},"233":{"start":{"line":234,"column":0},"end":{"line":234,"column":31}},"234":{"start":{"line":235,"column":0},"end":{"line":235,"column":60}},"235":{"start":{"line":236,"column":0},"end":{"line":236,"column":14}},"236":{"start":{"line":237,"column":0},"end":{"line":237,"column":74}},"237":{"start":{"line":238,"column":0},"end":{"line":238,"column":19}},"238":{"start":{"line":239,"column":0},"end":{"line":239,"column":36}},"239":{"start":{"line":240,"column":0},"end":{"line":240,"column":31}},"240":{"start":{"line":241,"column":0},"end":{"line":241,"column":45}},"241":{"start":{"line":242,"column":0},"end":{"line":242,"column":14}},"242":{"start":{"line":243,"column":0},"end":{"line":243,"column":16}},"243":{"start":{"line":244,"column":0},"end":{"line":244,"column":68}},"245":{"start":{"line":246,"column":0},"end":{"line":246,"column":19}},"246":{"start":{"line":247,"column":0},"end":{"line":247,"column":11}},"248":{"start":{"line":249,"column":0},"end":{"line":249,"column":55}},"249":{"start":{"line":250,"column":0},"end":{"line":250,"column":76}},"250":{"start":{"line":251,"column":0},"end":{"line":251,"column":74}},"251":{"start":{"line":252,"column":0},"end":{"line":252,"column":76}},"252":{"start":{"line":253,"column":0},"end":{"line":253,"column":7}},"254":{"start":{"line":255,"column":0},"end":{"line":255,"column":1}}},"s":{"0":0,"6":0,"7":0,"9":0,"10":0,"11":0,"12":0,"13":0,"14":0,"15":0,"16":0,"17":0,"18":0,"20":0,"21":0,"22":0,"23":0,"24":0,"25":0,"26":0,"27":0,"28":0,"29":0,"30":0,"31":0,"32":0,"34":0,"35":0,"36":0,"37":0,"40":0,"41":0,"42":0,"43":0,"44":0,"45":0,"46":0,"47":0,"48":0,"49":0,"50":0,"51":0,"52":0,"53":0,"54":0,"55":0,"56":0,"58":0,"59":0,"60":0,"61":0,"62":0,"63":0,"64":0,"65":0,"66":0,"67":0,"68":0,"69":0,"70":0,"71":0,"72":0,"73":0,"74":0,"75":0,"76":0,"77":0,"78":0,"79":0,"80":0,"81":0,"82":0,"83":0,"84":0,"85":0,"86":0,"87":0,"88":0,"89":0,"90":0,"91":0,"92":0,"93":0,"94":0,"95":0,"96":0,"97":0,"98":0,"99":0,"100":0,"101":0,"102":0,"103":0,"104":0,"105":0,"106":0,"107":0,"108":0,"109":0,"110":0,"111":0,"112":0,"113":0,"114":0,"115":0,"116":0,"117":0,"118":0,"119":0,"120":0,"121":0,"122":0,"123":0,"124":0,"125":0,"126":0,"127":0,"128":0,"129":0,"130":0,"131":0,"132":0,"133":0,"134":0,"135":0,"136":0,"137":0,"138":0,"139":0,"140":0,"141":0,"142":0,"143":0,"144":0,"145":0,"146":0,"147":0,"148":0,"151":0,"152":0,"153":0,"154":0,"155":0,"156":0,"157":0,"158":0,"159":0,"160":0,"161":0,"162":0,"164":0,"165":0,"166":0,"167":0,"168":0,"169":0,"170":0,"172":0,"173":0,"174":0,"175":0,"176":0,"177":0,"178":0,"179":0,"180":0,"181":0,"182":0,"184":0,"185":0,"186":0,"187":0,"188":0,"190":0,"191":0,"193":0,"194":0,"195":0,"196":0,"197":0,"198":0,"199":0,"200":0,"201":0,"202":0,"203":0,"205":0,"206":0,"208":0,"209":0,"210":0,"211":0,"212":0,"213":0,"214":0,"216":0,"217":0,"218":0,"219":0,"220":0,"221":0,"222":0,"223":0,"224":0,"225":0,"226":0,"227":0,"228":0,"229":0,"230":0,"231":0,"232":0,"233":0,"234":0,"235":0,"236":0,"237":0,"238":0,"239":0,"240":0,"241":0,"242":0,"243":0,"245":0,"246":0,"248":0,"249":0,"250":0,"251":0,"252":0,"254":0},"branchMap":{"0":{"type":"branch","line":1,"loc":{"start":{"line":1,"column":0},"end":{"line":255,"column":-2482}},"locations":[{"start":{"line":1,"column":0},"end":{"line":255,"column":-2482}}]}},"b":{"0":[0]},"fnMap":{"0":{"name":"(empty-report)","decl":{"start":{"line":1,"column":0},"end":{"line":255,"column":-2482}},"loc":{"start":{"line":1,"column":0},"end":{"line":255,"column":-2482}},"line":1}},"f":{"0":0}}
,"C:\\Users\\omarf\\OneDrive\\Desktop\\PackageNest\\Frontend\\src\\components\\UploadPackage.tsx": {"path":"C:\\Users\\omarf\\OneDrive\\Desktop\\PackageNest\\Frontend\\src\\components\\UploadPackage.tsx","all":true,"statementMap":{"0":{"start":{"line":1,"column":0},"end":{"line":1,"column":51}},"1":{"start":{"line":2,"column":0},"end":{"line":2,"column":38}},"2":{"start":{"line":3,"column":0},"end":{"line":3,"column":26}},"3":{"start":{"line":4,"column":0},"end":{"line":4,"column":31}},"4":{"start":{"line":5,"column":0},"end":{"line":5,"column":47}},"6":{"start":{"line":7,"column":0},"end":{"line":7,"column":39}},"7":{"start":{"line":8,"column":0},"end":{"line":8,"column":51}},"9":{"start":{"line":10,"column":0},"end":{"line":10,"column":17}},"10":{"start":{"line":11,"column":0},"end":{"line":11,"column":70}},"11":{"start":{"line":12,"column":0},"end":{"line":12,"column":47}},"12":{"start":{"line":13,"column":0},"end":{"line":13,"column":57}},"13":{"start":{"line":14,"column":0},"end":{"line":14,"column":57}},"14":{"start":{"line":15,"column":0},"end":{"line":15,"column":57}},"15":{"start":{"line":16,"column":0},"end":{"line":16,"column":50}},"16":{"start":{"line":17,"column":0},"end":{"line":17,"column":46}},"18":{"start":{"line":19,"column":0},"end":{"line":19,"column":19}},"19":{"start":{"line":20,"column":0},"end":{"line":20,"column":18}},"20":{"start":{"line":21,"column":0},"end":{"line":21,"column":47}},"21":{"start":{"line":22,"column":0},"end":{"line":22,"column":17}},"22":{"start":{"line":23,"column":0},"end":{"line":23,"column":41}},"23":{"start":{"line":24,"column":0},"end":{"line":24,"column":26}},"24":{"start":{"line":25,"column":0},"end":{"line":25,"column":25}},"25":{"start":{"line":26,"column":0},"end":{"line":26,"column":14}},"26":{"start":{"line":27,"column":0},"end":{"line":27,"column":45}},"27":{"start":{"line":28,"column":0},"end":{"line":28,"column":25}},"28":{"start":{"line":29,"column":0},"end":{"line":29,"column":7}},"29":{"start":{"line":30,"column":0},"end":{"line":30,"column":9}},"30":{"start":{"line":31,"column":0},"end":{"line":31,"column":9}},"33":{"start":{"line":34,"column":0},"end":{"line":34,"column":44}},"34":{"start":{"line":35,"column":0},"end":{"line":35,"column":26}},"35":{"start":{"line":36,"column":0},"end":{"line":36,"column":46}},"36":{"start":{"line":37,"column":0},"end":{"line":37,"column":4}},"39":{"start":{"line":40,"column":0},"end":{"line":40,"column":36}},"40":{"start":{"line":41,"column":0},"end":{"line":41,"column":55}},"41":{"start":{"line":42,"column":0},"end":{"line":42,"column":44}},"42":{"start":{"line":43,"column":0},"end":{"line":43,"column":69}},"43":{"start":{"line":44,"column":0},"end":{"line":44,"column":15}},"44":{"start":{"line":45,"column":0},"end":{"line":45,"column":7}},"45":{"start":{"line":46,"column":0},"end":{"line":46,"column":44}},"46":{"start":{"line":47,"column":0},"end":{"line":47,"column":67}},"47":{"start":{"line":48,"column":0},"end":{"line":48,"column":64}},"49":{"start":{"line":50,"column":0},"end":{"line":50,"column":11}},"50":{"start":{"line":51,"column":0},"end":{"line":51,"column":14}},"51":{"start":{"line":52,"column":0},"end":{"line":52,"column":41}},"52":{"start":{"line":53,"column":0},"end":{"line":53,"column":11}},"53":{"start":{"line":54,"column":0},"end":{"line":54,"column":34}},"54":{"start":{"line":55,"column":0},"end":{"line":55,"column":23}},"55":{"start":{"line":56,"column":0},"end":{"line":56,"column":55}},"56":{"start":{"line":57,"column":0},"end":{"line":57,"column":27}},"57":{"start":{"line":58,"column":0},"end":{"line":58,"column":12}},"58":{"start":{"line":59,"column":0},"end":{"line":59,"column":11}},"59":{"start":{"line":60,"column":0},"end":{"line":60,"column":22}},"60":{"start":{"line":61,"column":0},"end":{"line":61,"column":63}},"61":{"start":{"line":62,"column":0},"end":{"line":62,"column":14}},"62":{"start":{"line":63,"column":0},"end":{"line":63,"column":12}},"63":{"start":{"line":64,"column":0},"end":{"line":64,"column":9}},"64":{"start":{"line":65,"column":0},"end":{"line":65,"column":29}},"65":{"start":{"line":66,"column":0},"end":{"line":66,"column":55}},"66":{"start":{"line":67,"column":0},"end":{"line":67,"column":37}},"67":{"start":{"line":68,"column":0},"end":{"line":68,"column":10}},"68":{"start":{"line":69,"column":0},"end":{"line":69,"column":27}},"69":{"start":{"line":70,"column":0},"end":{"line":70,"column":50}},"70":{"start":{"line":71,"column":0},"end":{"line":71,"column":31}},"71":{"start":{"line":72,"column":0},"end":{"line":72,"column":11}},"72":{"start":{"line":73,"column":0},"end":{"line":73,"column":49}},"73":{"start":{"line":74,"column":0},"end":{"line":74,"column":29}},"74":{"start":{"line":75,"column":0},"end":{"line":75,"column":45}},"75":{"start":{"line":76,"column":0},"end":{"line":76,"column":15}},"76":{"start":{"line":77,"column":0},"end":{"line":77,"column":7}},"77":{"start":{"line":78,"column":0},"end":{"line":78,"column":24}},"78":{"start":{"line":79,"column":0},"end":{"line":79,"column":83}},"79":{"start":{"line":80,"column":0},"end":{"line":80,"column":40}},"80":{"start":{"line":81,"column":0},"end":{"line":81,"column":65}},"81":{"start":{"line":82,"column":0},"end":{"line":82,"column":15}},"82":{"start":{"line":83,"column":0},"end":{"line":83,"column":7}},"83":{"start":{"line":84,"column":0},"end":{"line":84,"column":44}},"84":{"start":{"line":85,"column":0},"end":{"line":85,"column":11}},"85":{"start":{"line":86,"column":0},"end":{"line":86,"column":14}},"86":{"start":{"line":87,"column":0},"end":{"line":87,"column":41}},"87":{"start":{"line":88,"column":0},"end":{"line":88,"column":11}},"88":{"start":{"line":89,"column":0},"end":{"line":89,"column":27}},"89":{"start":{"line":90,"column":0},"end":{"line":90,"column":55}},"90":{"start":{"line":91,"column":0},"end":{"line":91,"column":12}},"91":{"start":{"line":92,"column":0},"end":{"line":92,"column":11}},"92":{"start":{"line":93,"column":0},"end":{"line":93,"column":22}},"93":{"start":{"line":94,"column":0},"end":{"line":94,"column":63}},"94":{"start":{"line":95,"column":0},"end":{"line":95,"column":14}},"95":{"start":{"line":96,"column":0},"end":{"line":96,"column":12}},"96":{"start":{"line":97,"column":0},"end":{"line":97,"column":9}},"97":{"start":{"line":98,"column":0},"end":{"line":98,"column":29}},"98":{"start":{"line":99,"column":0},"end":{"line":99,"column":55}},"99":{"start":{"line":100,"column":0},"end":{"line":100,"column":37}},"100":{"start":{"line":101,"column":0},"end":{"line":101,"column":10}},"101":{"start":{"line":102,"column":0},"end":{"line":102,"column":27}},"102":{"start":{"line":103,"column":0},"end":{"line":103,"column":50}},"103":{"start":{"line":104,"column":0},"end":{"line":104,"column":31}},"104":{"start":{"line":105,"column":0},"end":{"line":105,"column":11}},"105":{"start":{"line":106,"column":0},"end":{"line":106,"column":12}},"106":{"start":{"line":107,"column":0},"end":{"line":107,"column":55}},"107":{"start":{"line":108,"column":0},"end":{"line":108,"column":5}},"108":{"start":{"line":109,"column":0},"end":{"line":109,"column":4}},"111":{"start":{"line":112,"column":0},"end":{"line":112,"column":64}},"112":{"start":{"line":113,"column":0},"end":{"line":113,"column":45}},"113":{"start":{"line":114,"column":0},"end":{"line":114,"column":38}},"114":{"start":{"line":115,"column":0},"end":{"line":115,"column":33}},"115":{"start":{"line":116,"column":0},"end":{"line":116,"column":29}},"116":{"start":{"line":117,"column":0},"end":{"line":117,"column":121}},"117":{"start":{"line":118,"column":0},"end":{"line":118,"column":30}},"118":{"start":{"line":119,"column":0},"end":{"line":119,"column":8}},"119":{"start":{"line":120,"column":0},"end":{"line":120,"column":28}},"120":{"start":{"line":121,"column":0},"end":{"line":121,"column":61}},"121":{"start":{"line":122,"column":0},"end":{"line":122,"column":7}},"122":{"start":{"line":123,"column":0},"end":{"line":123,"column":4}},"124":{"start":{"line":125,"column":0},"end":{"line":125,"column":10}},"125":{"start":{"line":126,"column":0},"end":{"line":126,"column":6}},"126":{"start":{"line":127,"column":0},"end":{"line":127,"column":78}},"127":{"start":{"line":128,"column":0},"end":{"line":128,"column":65}},"128":{"start":{"line":129,"column":0},"end":{"line":129,"column":10}},"129":{"start":{"line":130,"column":0},"end":{"line":130,"column":17}},"130":{"start":{"line":131,"column":0},"end":{"line":131,"column":32}},"131":{"start":{"line":132,"column":0},"end":{"line":132,"column":28}},"132":{"start":{"line":133,"column":0},"end":{"line":133,"column":77}},"134":{"start":{"line":135,"column":0},"end":{"line":135,"column":40}},"136":{"start":{"line":137,"column":0},"end":{"line":137,"column":62}},"137":{"start":{"line":138,"column":0},"end":{"line":138,"column":70}},"138":{"start":{"line":139,"column":0},"end":{"line":139,"column":19}},"139":{"start":{"line":140,"column":0},"end":{"line":140,"column":43}},"140":{"start":{"line":141,"column":0},"end":{"line":141,"column":14}},"141":{"start":{"line":142,"column":0},"end":{"line":142,"column":46}},"142":{"start":{"line":143,"column":0},"end":{"line":143,"column":31}},"143":{"start":{"line":144,"column":0},"end":{"line":144,"column":34}},"144":{"start":{"line":145,"column":0},"end":{"line":145,"column":49}},"145":{"start":{"line":146,"column":0},"end":{"line":146,"column":31}},"146":{"start":{"line":147,"column":0},"end":{"line":147,"column":61}},"147":{"start":{"line":148,"column":0},"end":{"line":148,"column":17}},"149":{"start":{"line":150,"column":0},"end":{"line":150,"column":33}},"150":{"start":{"line":151,"column":0},"end":{"line":151,"column":20}},"151":{"start":{"line":152,"column":0},"end":{"line":152,"column":19}},"152":{"start":{"line":153,"column":0},"end":{"line":153,"column":22}},"153":{"start":{"line":154,"column":0},"end":{"line":154,"column":39}},"154":{"start":{"line":155,"column":0},"end":{"line":155,"column":50}},"155":{"start":{"line":156,"column":0},"end":{"line":156,"column":30}},"156":{"start":{"line":157,"column":0},"end":{"line":157,"column":59}},"157":{"start":{"line":158,"column":0},"end":{"line":158,"column":18}},"158":{"start":{"line":159,"column":0},"end":{"line":159,"column":22}},"159":{"start":{"line":160,"column":0},"end":{"line":160,"column":29}},"160":{"start":{"line":161,"column":0},"end":{"line":161,"column":48}},"161":{"start":{"line":162,"column":0},"end":{"line":162,"column":39}},"162":{"start":{"line":163,"column":0},"end":{"line":163,"column":35}},"163":{"start":{"line":164,"column":0},"end":{"line":164,"column":64}},"164":{"start":{"line":165,"column":0},"end":{"line":165,"column":18}},"165":{"start":{"line":166,"column":0},"end":{"line":166,"column":78}},"166":{"start":{"line":167,"column":0},"end":{"line":167,"column":23}},"167":{"start":{"line":168,"column":0},"end":{"line":168,"column":40}},"168":{"start":{"line":169,"column":0},"end":{"line":169,"column":35}},"169":{"start":{"line":170,"column":0},"end":{"line":170,"column":49}},"170":{"start":{"line":171,"column":0},"end":{"line":171,"column":18}},"171":{"start":{"line":172,"column":0},"end":{"line":172,"column":20}},"172":{"start":{"line":173,"column":0},"end":{"line":173,"column":15}},"174":{"start":{"line":175,"column":0},"end":{"line":175,"column":18}},"175":{"start":{"line":176,"column":0},"end":{"line":176,"column":25}},"176":{"start":{"line":177,"column":0},"end":{"line":177,"column":44}},"177":{"start":{"line":178,"column":0},"end":{"line":178,"column":35}},"178":{"start":{"line":179,"column":0},"end":{"line":179,"column":31}},"179":{"start":{"line":180,"column":0},"end":{"line":180,"column":60}},"180":{"start":{"line":181,"column":0},"end":{"line":181,"column":14}},"182":{"start":{"line":183,"column":0},"end":{"line":183,"column":68}},"184":{"start":{"line":185,"column":0},"end":{"line":185,"column":19}},"185":{"start":{"line":186,"column":0},"end":{"line":186,"column":11}},"187":{"start":{"line":188,"column":0},"end":{"line":188,"column":55}},"188":{"start":{"line":189,"column":0},"end":{"line":189,"column":76}},"189":{"start":{"line":190,"column":0},"end":{"line":190,"column":74}},"190":{"start":{"line":191,"column":0},"end":{"line":191,"column":76}},"191":{"start":{"line":192,"column":0},"end":{"line":192,"column":7}},"193":{"start":{"line":194,"column":0},"end":{"line":194,"column":2}},"195":{"start":{"line":196,"column":0},"end":{"line":196,"column":29}}},"s":{"0":0,"1":0,"2":0,"3":0,"4":0,"6":0,"7":0,"9":0,"10":0,"11":0,"12":0,"13":0,"14":0,"15":0,"16":0,"18":0,"19":0,"20":0,"21":0,"22":0,"23":0,"24":0,"25":0,"26":0,"27":0,"28":0,"29":0,"30":0,"33":0,"34":0,"35":0,"36":0,"39":0,"40":0,"41":0,"42":0,"43":0,"44":0,"45":0,"46":0,"47":0,"49":0,"50":0,"51":0,"52":0,"53":0,"54":0,"55":0,"56":0,"57":0,"58":0,"59":0,"60":0,"61":0,"62":0,"63":0,"64":0,"65":0,"66":0,"67":0,"68":0,"69":0,"70":0,"71":0,"72":0,"73":0,"74":0,"75":0,"76":0,"77":0,"78":0,"79":0,"80":0,"81":0,"82":0,"83":0,"84":0,"85":0,"86":0,"87":0,"88":0,"89":0,"90":0,"91":0,"92":0,"93":0,"94":0,"95":0,"96":0,"97":0,"98":0,"99":0,"100":0,"101":0,"102":0,"103":0,"104":0,"105":0,"106":0,"107":0,"108":0,"111":0,"112":0,"113":0,"114":0,"115":0,"116":0,"117":0,"118":0,"119":0,"120":0,"121":0,"122":0,"124":0,"125":0,"126":0,"127":0,"128":0,"129":0,"130":0,"131":0,"132":0,"134":0,"136":0,"137":0,"138":0,"139":0,"140":0,"141":0,"142":0,"143":0,"144":0,"145":0,"146":0,"147":0,"149":0,"150":0,"151":0,"152":0,"153":0,"154":0,"155":0,"156":0,"157":0,"158":0,"159":0,"160":0,"161":0,"162":0,"163":0,"164":0,"165":0,"166":0,"167":0,"168":0,"169":0,"170":0,"171":0,"172":0,"174":0,"175":0,"176":0,"177":0,"178":0,"179":0,"180":0,"182":0,"184":0,"185":0,"187":0,"188":0,"189":0,"190":0,"191":0,"193":0,"195":0},"branchMap":{"0":{"type":"branch","line":1,"loc":{"start":{"line":1,"column":0},"end":{"line":196,"column":-1844}},"locations":[{"start":{"line":1,"column":0},"end":{"line":196,"column":-1844}}]}},"b":{"0":[0]},"fnMap":{"0":{"name":"(empty-report)","decl":{"start":{"line":1,"column":0},"end":{"line":196,"column":-1844}},"loc":{"start":{"line":1,"column":0},"end":{"line":196,"column":-1844}},"line":1}},"f":{"0":0}}
}
